
*** Running vivado
    with args -log tanks_top_level.vds -m64 -product Vivado -mode batch -messageDb vivado.pb -notrace -source tanks_top_level.tcl



****** Vivado v2022.2 (64-bit)
  **** SW Build 3671981 on Fri Oct 14 05:00:03 MDT 2022
  **** IP Build 3669848 on Fri Oct 14 08:30:02 MDT 2022
    ** Copyright 1986-2022 Xilinx, Inc. All Rights Reserved.

source tanks_top_level.tcl -notrace
INFO: [IP_Flow 19-234] Refreshing IP repositories
INFO: [IP_Flow 19-1700] Loaded user IP repository 'c:/aherce2/ECE-385---Final-Project/ip_repo/hdmi_text_controller_1_0'.
INFO: [IP_Flow 19-1700] Loaded user IP repository 'c:/aherce2/ECE-385---Final-Project/RD_hdmi_ip2020'.
INFO: [IP_Flow 19-2313] Loaded Vivado IP repository 'C:/Xilinx/Vivado/2022.2/data/ip'.
Command: read_checkpoint -auto_incremental -incremental C:/aherce2/ECE-385---Final-Project/tanks/tanks.srcs/utils_1/imports/synth_1/tanks_top_level.dcp
INFO: [Vivado 12-5825] Read reference checkpoint from C:/aherce2/ECE-385---Final-Project/tanks/tanks.srcs/utils_1/imports/synth_1/tanks_top_level.dcp for incremental synthesis
INFO: [Vivado 12-7989] Please ensure there are no constraint changes
Command: synth_design -top tanks_top_level -part xc7s50csga324-1
Starting synth_design
Attempting to get a license for feature 'Synthesis' and/or device 'xc7s50'
INFO: [Common 17-349] Got license for feature 'Synthesis' and/or device 'xc7s50'
INFO: [Device 21-403] Loading part xc7s50csga324-1
INFO: [Designutils 20-5440] No compile time benefit to using incremental synthesis; A full resynthesis will be run
INFO: [Designutils 20-4379] Flow is switching to default flow due to incremental criteria not met. If you would like to alter this behaviour and have the flow terminate instead, please set the following parameter config_implementation {autoIncr.Synth.RejectBehavior Terminate}
INFO: [Synth 8-7079] Multithreading enabled for synth_design using a maximum of 2 processes.
INFO: [Synth 8-7078] Launching helper process for spawning children vivado processes
INFO: [Synth 8-7075] Helper process launched with PID 22548
INFO: [Synth 8-11241] undeclared symbol 'REGCCE', assumed default net type 'wire' [C:/Xilinx/Vivado/2022.2/data/verilog/src/unimacro/BRAM_SINGLE_MACRO.v:2170]
---------------------------------------------------------------------------------
Starting RTL Elaboration : Time (s): cpu = 00:00:03 ; elapsed = 00:00:05 . Memory (MB): peak = 1219.512 ; gain = 409.820
---------------------------------------------------------------------------------
INFO: [Synth 8-6157] synthesizing module 'tanks_top_level' [C:/aherce2/ECE-385---Final-Project/tanks/tanks.srcs/sources_1/new/tanks_top_level.sv:23]
INFO: [Synth 8-6157] synthesizing module 'HexDriver' [C:/aherce2/ECE-385---Final-Project/tanks/tanks.srcs/sources_1/imports/design_source/hex.sv:1]
INFO: [Synth 8-6157] synthesizing module 'nibble_to_hex' [C:/aherce2/ECE-385---Final-Project/tanks/tanks.srcs/sources_1/imports/design_source/hex.sv:11]
INFO: [Synth 8-6155] done synthesizing module 'nibble_to_hex' (0#1) [C:/aherce2/ECE-385---Final-Project/tanks/tanks.srcs/sources_1/imports/design_source/hex.sv:11]
INFO: [Synth 8-6157] synthesizing module 'nibble_to_hex' [C:/aherce2/ECE-385---Final-Project/tanks/tanks.srcs/sources_1/imports/design_source/hex.sv:11]
INFO: [Synth 8-6155] done synthesizing module 'nibble_to_hex' (0#1) [C:/aherce2/ECE-385---Final-Project/tanks/tanks.srcs/sources_1/imports/design_source/hex.sv:11]
INFO: [Synth 8-6157] synthesizing module 'nibble_to_hex' [C:/aherce2/ECE-385---Final-Project/tanks/tanks.srcs/sources_1/imports/design_source/hex.sv:11]
INFO: [Synth 8-6155] done synthesizing module 'nibble_to_hex' (0#1) [C:/aherce2/ECE-385---Final-Project/tanks/tanks.srcs/sources_1/imports/design_source/hex.sv:11]
INFO: [Synth 8-6157] synthesizing module 'nibble_to_hex' [C:/aherce2/ECE-385---Final-Project/tanks/tanks.srcs/sources_1/imports/design_source/hex.sv:11]
INFO: [Synth 8-6155] done synthesizing module 'nibble_to_hex' (0#1) [C:/aherce2/ECE-385---Final-Project/tanks/tanks.srcs/sources_1/imports/design_source/hex.sv:11]
INFO: [Synth 8-6155] done synthesizing module 'HexDriver' (0#1) [C:/aherce2/ECE-385---Final-Project/tanks/tanks.srcs/sources_1/imports/design_source/hex.sv:1]
INFO: [Synth 8-6157] synthesizing module 'mb_usb' [c:/aherce2/ECE-385---Final-Project/tanks/tanks.gen/sources_1/bd/mb_usb/synth/mb_usb.v:936]
INFO: [Synth 8-6157] synthesizing module 'mb_usb_axi_uartlite_0_0' [C:/aherce2/ECE-385---Final-Project/tanks/tanks.runs/synth_1/.Xil/Vivado-22136-DESKTOP-DCVGH3V/realtime/mb_usb_axi_uartlite_0_0_stub.v:5]
INFO: [Synth 8-6155] done synthesizing module 'mb_usb_axi_uartlite_0_0' (0#1) [C:/aherce2/ECE-385---Final-Project/tanks/tanks.runs/synth_1/.Xil/Vivado-22136-DESKTOP-DCVGH3V/realtime/mb_usb_axi_uartlite_0_0_stub.v:5]
INFO: [Synth 8-6157] synthesizing module 'mb_usb_clk_wiz_1_0' [C:/aherce2/ECE-385---Final-Project/tanks/tanks.runs/synth_1/.Xil/Vivado-22136-DESKTOP-DCVGH3V/realtime/mb_usb_clk_wiz_1_0_stub.v:5]
INFO: [Synth 8-6155] done synthesizing module 'mb_usb_clk_wiz_1_0' (0#1) [C:/aherce2/ECE-385---Final-Project/tanks/tanks.runs/synth_1/.Xil/Vivado-22136-DESKTOP-DCVGH3V/realtime/mb_usb_clk_wiz_1_0_stub.v:5]
INFO: [Synth 8-6157] synthesizing module 'mb_usb_axi_gpio_1_0' [C:/aherce2/ECE-385---Final-Project/tanks/tanks.runs/synth_1/.Xil/Vivado-22136-DESKTOP-DCVGH3V/realtime/mb_usb_axi_gpio_1_0_stub.v:5]
INFO: [Synth 8-6155] done synthesizing module 'mb_usb_axi_gpio_1_0' (0#1) [C:/aherce2/ECE-385---Final-Project/tanks/tanks.runs/synth_1/.Xil/Vivado-22136-DESKTOP-DCVGH3V/realtime/mb_usb_axi_gpio_1_0_stub.v:5]
INFO: [Synth 8-6157] synthesizing module 'mb_usb_axi_gpio_2_0' [C:/aherce2/ECE-385---Final-Project/tanks/tanks.runs/synth_1/.Xil/Vivado-22136-DESKTOP-DCVGH3V/realtime/mb_usb_axi_gpio_2_0_stub.v:5]
INFO: [Synth 8-6155] done synthesizing module 'mb_usb_axi_gpio_2_0' (0#1) [C:/aherce2/ECE-385---Final-Project/tanks/tanks.runs/synth_1/.Xil/Vivado-22136-DESKTOP-DCVGH3V/realtime/mb_usb_axi_gpio_2_0_stub.v:5]
INFO: [Synth 8-6157] synthesizing module 'mb_usb_axi_gpio_0_1' [C:/aherce2/ECE-385---Final-Project/tanks/tanks.runs/synth_1/.Xil/Vivado-22136-DESKTOP-DCVGH3V/realtime/mb_usb_axi_gpio_0_1_stub.v:5]
INFO: [Synth 8-6155] done synthesizing module 'mb_usb_axi_gpio_0_1' (0#1) [C:/aherce2/ECE-385---Final-Project/tanks/tanks.runs/synth_1/.Xil/Vivado-22136-DESKTOP-DCVGH3V/realtime/mb_usb_axi_gpio_0_1_stub.v:5]
INFO: [Synth 8-6157] synthesizing module 'mb_usb_mdm_1_0' [C:/aherce2/ECE-385---Final-Project/tanks/tanks.runs/synth_1/.Xil/Vivado-22136-DESKTOP-DCVGH3V/realtime/mb_usb_mdm_1_0_stub.v:5]
INFO: [Synth 8-6155] done synthesizing module 'mb_usb_mdm_1_0' (0#1) [C:/aherce2/ECE-385---Final-Project/tanks/tanks.runs/synth_1/.Xil/Vivado-22136-DESKTOP-DCVGH3V/realtime/mb_usb_mdm_1_0_stub.v:5]
INFO: [Synth 8-6157] synthesizing module 'mb_usb_microblaze_0_0' [C:/aherce2/ECE-385---Final-Project/tanks/tanks.runs/synth_1/.Xil/Vivado-22136-DESKTOP-DCVGH3V/realtime/mb_usb_microblaze_0_0_stub.v:5]
INFO: [Synth 8-6155] done synthesizing module 'mb_usb_microblaze_0_0' (0#1) [C:/aherce2/ECE-385---Final-Project/tanks/tanks.runs/synth_1/.Xil/Vivado-22136-DESKTOP-DCVGH3V/realtime/mb_usb_microblaze_0_0_stub.v:5]
INFO: [Synth 8-6157] synthesizing module 'mb_usb_microblaze_0_axi_intc_0' [C:/aherce2/ECE-385---Final-Project/tanks/tanks.runs/synth_1/.Xil/Vivado-22136-DESKTOP-DCVGH3V/realtime/mb_usb_microblaze_0_axi_intc_0_stub.v:5]
INFO: [Synth 8-6155] done synthesizing module 'mb_usb_microblaze_0_axi_intc_0' (0#1) [C:/aherce2/ECE-385---Final-Project/tanks/tanks.runs/synth_1/.Xil/Vivado-22136-DESKTOP-DCVGH3V/realtime/mb_usb_microblaze_0_axi_intc_0_stub.v:5]
INFO: [Synth 8-6157] synthesizing module 'mb_usb_microblaze_0_axi_periph_0' [c:/aherce2/ECE-385---Final-Project/tanks/tanks.gen/sources_1/bd/mb_usb/synth/mb_usb.v:1602]
INFO: [Synth 8-6157] synthesizing module 'm00_couplers_imp_1CNVJ1L' [c:/aherce2/ECE-385---Final-Project/tanks/tanks.gen/sources_1/bd/mb_usb/synth/mb_usb.v:12]
INFO: [Synth 8-6155] done synthesizing module 'm00_couplers_imp_1CNVJ1L' (0#1) [c:/aherce2/ECE-385---Final-Project/tanks/tanks.gen/sources_1/bd/mb_usb/synth/mb_usb.v:12]
INFO: [Synth 8-6157] synthesizing module 'm01_couplers_imp_ADY9K' [c:/aherce2/ECE-385---Final-Project/tanks/tanks.gen/sources_1/bd/mb_usb/synth/mb_usb.v:144]
INFO: [Synth 8-6155] done synthesizing module 'm01_couplers_imp_ADY9K' (0#1) [c:/aherce2/ECE-385---Final-Project/tanks/tanks.gen/sources_1/bd/mb_usb/synth/mb_usb.v:144]
INFO: [Synth 8-6157] synthesizing module 'm02_couplers_imp_BB516Y' [c:/aherce2/ECE-385---Final-Project/tanks/tanks.gen/sources_1/bd/mb_usb/synth/mb_usb.v:276]
INFO: [Synth 8-6155] done synthesizing module 'm02_couplers_imp_BB516Y' (0#1) [c:/aherce2/ECE-385---Final-Project/tanks/tanks.gen/sources_1/bd/mb_usb/synth/mb_usb.v:276]
INFO: [Synth 8-6157] synthesizing module 'm03_couplers_imp_11D4JQ3' [c:/aherce2/ECE-385---Final-Project/tanks/tanks.gen/sources_1/bd/mb_usb/synth/mb_usb.v:408]
INFO: [Synth 8-6155] done synthesizing module 'm03_couplers_imp_11D4JQ3' (0#1) [c:/aherce2/ECE-385---Final-Project/tanks/tanks.gen/sources_1/bd/mb_usb/synth/mb_usb.v:408]
INFO: [Synth 8-6157] synthesizing module 'm04_couplers_imp_Y7VWKU' [c:/aherce2/ECE-385---Final-Project/tanks/tanks.gen/sources_1/bd/mb_usb/synth/mb_usb.v:540]
INFO: [Synth 8-6155] done synthesizing module 'm04_couplers_imp_Y7VWKU' (0#1) [c:/aherce2/ECE-385---Final-Project/tanks/tanks.gen/sources_1/bd/mb_usb/synth/mb_usb.v:540]
INFO: [Synth 8-6157] synthesizing module 'm05_couplers_imp_1N5X0ZJ' [c:/aherce2/ECE-385---Final-Project/tanks/tanks.gen/sources_1/bd/mb_usb/synth/mb_usb.v:672]
INFO: [Synth 8-6155] done synthesizing module 'm05_couplers_imp_1N5X0ZJ' (0#1) [c:/aherce2/ECE-385---Final-Project/tanks/tanks.gen/sources_1/bd/mb_usb/synth/mb_usb.v:672]
INFO: [Synth 8-6157] synthesizing module 'm06_couplers_imp_1Y6O2J1' [c:/aherce2/ECE-385---Final-Project/tanks/tanks.gen/sources_1/bd/mb_usb/synth/mb_usb.v:804]
INFO: [Synth 8-6155] done synthesizing module 'm06_couplers_imp_1Y6O2J1' (0#1) [c:/aherce2/ECE-385---Final-Project/tanks/tanks.gen/sources_1/bd/mb_usb/synth/mb_usb.v:804]
INFO: [Synth 8-6157] synthesizing module 's00_couplers_imp_16FJ1YW' [c:/aherce2/ECE-385---Final-Project/tanks/tanks.gen/sources_1/bd/mb_usb/synth/mb_usb.v:2926]
INFO: [Synth 8-6155] done synthesizing module 's00_couplers_imp_16FJ1YW' (0#1) [c:/aherce2/ECE-385---Final-Project/tanks/tanks.gen/sources_1/bd/mb_usb/synth/mb_usb.v:2926]
INFO: [Synth 8-6157] synthesizing module 'mb_usb_xbar_0' [C:/aherce2/ECE-385---Final-Project/tanks/tanks.runs/synth_1/.Xil/Vivado-22136-DESKTOP-DCVGH3V/realtime/mb_usb_xbar_0_stub.v:5]
INFO: [Synth 8-6155] done synthesizing module 'mb_usb_xbar_0' (0#1) [C:/aherce2/ECE-385---Final-Project/tanks/tanks.runs/synth_1/.Xil/Vivado-22136-DESKTOP-DCVGH3V/realtime/mb_usb_xbar_0_stub.v:5]
WARNING: [Synth 8-7071] port 'm_axi_awprot' of module 'mb_usb_xbar_0' is unconnected for instance 'xbar' [c:/aherce2/ECE-385---Final-Project/tanks/tanks.gen/sources_1/bd/mb_usb/synth/mb_usb.v:2651]
WARNING: [Synth 8-7071] port 'm_axi_arprot' of module 'mb_usb_xbar_0' is unconnected for instance 'xbar' [c:/aherce2/ECE-385---Final-Project/tanks/tanks.gen/sources_1/bd/mb_usb/synth/mb_usb.v:2651]
WARNING: [Synth 8-7023] instance 'xbar' of module 'mb_usb_xbar_0' has 40 connections declared, but only 38 given [c:/aherce2/ECE-385---Final-Project/tanks/tanks.gen/sources_1/bd/mb_usb/synth/mb_usb.v:2651]
INFO: [Synth 8-6155] done synthesizing module 'mb_usb_microblaze_0_axi_periph_0' (0#1) [c:/aherce2/ECE-385---Final-Project/tanks/tanks.gen/sources_1/bd/mb_usb/synth/mb_usb.v:1602]
INFO: [Synth 8-6157] synthesizing module 'microblaze_0_local_memory_imp_4XV58R' [c:/aherce2/ECE-385---Final-Project/tanks/tanks.gen/sources_1/bd/mb_usb/synth/mb_usb.v:2692]
INFO: [Synth 8-6157] synthesizing module 'mb_usb_dlmb_bram_if_cntlr_0' [C:/aherce2/ECE-385---Final-Project/tanks/tanks.runs/synth_1/.Xil/Vivado-22136-DESKTOP-DCVGH3V/realtime/mb_usb_dlmb_bram_if_cntlr_0_stub.v:5]
INFO: [Synth 8-6155] done synthesizing module 'mb_usb_dlmb_bram_if_cntlr_0' (0#1) [C:/aherce2/ECE-385---Final-Project/tanks/tanks.runs/synth_1/.Xil/Vivado-22136-DESKTOP-DCVGH3V/realtime/mb_usb_dlmb_bram_if_cntlr_0_stub.v:5]
INFO: [Synth 8-6157] synthesizing module 'mb_usb_dlmb_v10_0' [C:/aherce2/ECE-385---Final-Project/tanks/tanks.runs/synth_1/.Xil/Vivado-22136-DESKTOP-DCVGH3V/realtime/mb_usb_dlmb_v10_0_stub.v:5]
INFO: [Synth 8-6155] done synthesizing module 'mb_usb_dlmb_v10_0' (0#1) [C:/aherce2/ECE-385---Final-Project/tanks/tanks.runs/synth_1/.Xil/Vivado-22136-DESKTOP-DCVGH3V/realtime/mb_usb_dlmb_v10_0_stub.v:5]
WARNING: [Synth 8-7071] port 'LMB_Rst' of module 'mb_usb_dlmb_v10_0' is unconnected for instance 'dlmb_v10' [c:/aherce2/ECE-385---Final-Project/tanks/tanks.gen/sources_1/bd/mb_usb/synth/mb_usb.v:2838]
WARNING: [Synth 8-7023] instance 'dlmb_v10' of module 'mb_usb_dlmb_v10_0' has 25 connections declared, but only 24 given [c:/aherce2/ECE-385---Final-Project/tanks/tanks.gen/sources_1/bd/mb_usb/synth/mb_usb.v:2838]
INFO: [Synth 8-6157] synthesizing module 'mb_usb_ilmb_bram_if_cntlr_0' [C:/aherce2/ECE-385---Final-Project/tanks/tanks.runs/synth_1/.Xil/Vivado-22136-DESKTOP-DCVGH3V/realtime/mb_usb_ilmb_bram_if_cntlr_0_stub.v:5]
INFO: [Synth 8-6155] done synthesizing module 'mb_usb_ilmb_bram_if_cntlr_0' (0#1) [C:/aherce2/ECE-385---Final-Project/tanks/tanks.runs/synth_1/.Xil/Vivado-22136-DESKTOP-DCVGH3V/realtime/mb_usb_ilmb_bram_if_cntlr_0_stub.v:5]
INFO: [Synth 8-6157] synthesizing module 'mb_usb_ilmb_v10_0' [C:/aherce2/ECE-385---Final-Project/tanks/tanks.runs/synth_1/.Xil/Vivado-22136-DESKTOP-DCVGH3V/realtime/mb_usb_ilmb_v10_0_stub.v:5]
INFO: [Synth 8-6155] done synthesizing module 'mb_usb_ilmb_v10_0' (0#1) [C:/aherce2/ECE-385---Final-Project/tanks/tanks.runs/synth_1/.Xil/Vivado-22136-DESKTOP-DCVGH3V/realtime/mb_usb_ilmb_v10_0_stub.v:5]
WARNING: [Synth 8-7071] port 'LMB_Rst' of module 'mb_usb_ilmb_v10_0' is unconnected for instance 'ilmb_v10' [c:/aherce2/ECE-385---Final-Project/tanks/tanks.gen/sources_1/bd/mb_usb/synth/mb_usb.v:2884]
WARNING: [Synth 8-7023] instance 'ilmb_v10' of module 'mb_usb_ilmb_v10_0' has 25 connections declared, but only 24 given [c:/aherce2/ECE-385---Final-Project/tanks/tanks.gen/sources_1/bd/mb_usb/synth/mb_usb.v:2884]
INFO: [Synth 8-6157] synthesizing module 'mb_usb_lmb_bram_0' [C:/aherce2/ECE-385---Final-Project/tanks/tanks.runs/synth_1/.Xil/Vivado-22136-DESKTOP-DCVGH3V/realtime/mb_usb_lmb_bram_0_stub.v:5]
INFO: [Synth 8-6155] done synthesizing module 'mb_usb_lmb_bram_0' (0#1) [C:/aherce2/ECE-385---Final-Project/tanks/tanks.runs/synth_1/.Xil/Vivado-22136-DESKTOP-DCVGH3V/realtime/mb_usb_lmb_bram_0_stub.v:5]
WARNING: [Synth 8-7071] port 'rsta_busy' of module 'mb_usb_lmb_bram_0' is unconnected for instance 'lmb_bram' [c:/aherce2/ECE-385---Final-Project/tanks/tanks.gen/sources_1/bd/mb_usb/synth/mb_usb.v:2909]
WARNING: [Synth 8-7071] port 'rstb_busy' of module 'mb_usb_lmb_bram_0' is unconnected for instance 'lmb_bram' [c:/aherce2/ECE-385---Final-Project/tanks/tanks.gen/sources_1/bd/mb_usb/synth/mb_usb.v:2909]
WARNING: [Synth 8-7023] instance 'lmb_bram' of module 'mb_usb_lmb_bram_0' has 16 connections declared, but only 14 given [c:/aherce2/ECE-385---Final-Project/tanks/tanks.gen/sources_1/bd/mb_usb/synth/mb_usb.v:2909]
INFO: [Synth 8-6155] done synthesizing module 'microblaze_0_local_memory_imp_4XV58R' (0#1) [c:/aherce2/ECE-385---Final-Project/tanks/tanks.gen/sources_1/bd/mb_usb/synth/mb_usb.v:2692]
INFO: [Synth 8-6157] synthesizing module 'mb_usb_xlconcat_0_0' [c:/aherce2/ECE-385---Final-Project/tanks/tanks.gen/sources_1/bd/mb_usb/ip/mb_usb_xlconcat_0_0/synth/mb_usb_xlconcat_0_0.v:53]
INFO: [Synth 8-6157] synthesizing module 'xlconcat_v2_1_4_xlconcat' [c:/aherce2/ECE-385---Final-Project/tanks/tanks.gen/sources_1/bd/mb_usb/ipshared/4b67/hdl/xlconcat_v2_1_vl_rfs.v:14]
INFO: [Synth 8-6155] done synthesizing module 'xlconcat_v2_1_4_xlconcat' (0#1) [c:/aherce2/ECE-385---Final-Project/tanks/tanks.gen/sources_1/bd/mb_usb/ipshared/4b67/hdl/xlconcat_v2_1_vl_rfs.v:14]
INFO: [Synth 8-6155] done synthesizing module 'mb_usb_xlconcat_0_0' (0#1) [c:/aherce2/ECE-385---Final-Project/tanks/tanks.gen/sources_1/bd/mb_usb/ip/mb_usb_xlconcat_0_0/synth/mb_usb_xlconcat_0_0.v:53]
INFO: [Synth 8-6157] synthesizing module 'mb_usb_rst_clk_wiz_1_100M_0' [C:/aherce2/ECE-385---Final-Project/tanks/tanks.runs/synth_1/.Xil/Vivado-22136-DESKTOP-DCVGH3V/realtime/mb_usb_rst_clk_wiz_1_100M_0_stub.v:5]
INFO: [Synth 8-6155] done synthesizing module 'mb_usb_rst_clk_wiz_1_100M_0' (0#1) [C:/aherce2/ECE-385---Final-Project/tanks/tanks.runs/synth_1/.Xil/Vivado-22136-DESKTOP-DCVGH3V/realtime/mb_usb_rst_clk_wiz_1_100M_0_stub.v:5]
WARNING: [Synth 8-7071] port 'peripheral_reset' of module 'mb_usb_rst_clk_wiz_1_100M_0' is unconnected for instance 'rst_clk_wiz_1_100M' [c:/aherce2/ECE-385---Final-Project/tanks/tanks.gen/sources_1/bd/mb_usb/synth/mb_usb.v:1538]
WARNING: [Synth 8-7071] port 'interconnect_aresetn' of module 'mb_usb_rst_clk_wiz_1_100M_0' is unconnected for instance 'rst_clk_wiz_1_100M' [c:/aherce2/ECE-385---Final-Project/tanks/tanks.gen/sources_1/bd/mb_usb/synth/mb_usb.v:1538]
WARNING: [Synth 8-7023] instance 'rst_clk_wiz_1_100M' of module 'mb_usb_rst_clk_wiz_1_100M_0' has 10 connections declared, but only 8 given [c:/aherce2/ECE-385---Final-Project/tanks/tanks.gen/sources_1/bd/mb_usb/synth/mb_usb.v:1538]
INFO: [Synth 8-6157] synthesizing module 'mb_usb_axi_quad_spi_0_0' [C:/aherce2/ECE-385---Final-Project/tanks/tanks.runs/synth_1/.Xil/Vivado-22136-DESKTOP-DCVGH3V/realtime/mb_usb_axi_quad_spi_0_0_stub.v:5]
INFO: [Synth 8-6155] done synthesizing module 'mb_usb_axi_quad_spi_0_0' (0#1) [C:/aherce2/ECE-385---Final-Project/tanks/tanks.runs/synth_1/.Xil/Vivado-22136-DESKTOP-DCVGH3V/realtime/mb_usb_axi_quad_spi_0_0_stub.v:5]
WARNING: [Synth 8-7071] port 'io0_t' of module 'mb_usb_axi_quad_spi_0_0' is unconnected for instance 'spi_usb' [c:/aherce2/ECE-385---Final-Project/tanks/tanks.gen/sources_1/bd/mb_usb/synth/mb_usb.v:1547]
WARNING: [Synth 8-7071] port 'io1_o' of module 'mb_usb_axi_quad_spi_0_0' is unconnected for instance 'spi_usb' [c:/aherce2/ECE-385---Final-Project/tanks/tanks.gen/sources_1/bd/mb_usb/synth/mb_usb.v:1547]
WARNING: [Synth 8-7071] port 'io1_t' of module 'mb_usb_axi_quad_spi_0_0' is unconnected for instance 'spi_usb' [c:/aherce2/ECE-385---Final-Project/tanks/tanks.gen/sources_1/bd/mb_usb/synth/mb_usb.v:1547]
WARNING: [Synth 8-7071] port 'sck_t' of module 'mb_usb_axi_quad_spi_0_0' is unconnected for instance 'spi_usb' [c:/aherce2/ECE-385---Final-Project/tanks/tanks.gen/sources_1/bd/mb_usb/synth/mb_usb.v:1547]
WARNING: [Synth 8-7071] port 'ss_t' of module 'mb_usb_axi_quad_spi_0_0' is unconnected for instance 'spi_usb' [c:/aherce2/ECE-385---Final-Project/tanks/tanks.gen/sources_1/bd/mb_usb/synth/mb_usb.v:1547]
WARNING: [Synth 8-7023] instance 'spi_usb' of module 'mb_usb_axi_quad_spi_0_0' has 33 connections declared, but only 28 given [c:/aherce2/ECE-385---Final-Project/tanks/tanks.gen/sources_1/bd/mb_usb/synth/mb_usb.v:1547]
INFO: [Synth 8-6157] synthesizing module 'mb_usb_axi_timer_0_0' [C:/aherce2/ECE-385---Final-Project/tanks/tanks.runs/synth_1/.Xil/Vivado-22136-DESKTOP-DCVGH3V/realtime/mb_usb_axi_timer_0_0_stub.v:5]
INFO: [Synth 8-6155] done synthesizing module 'mb_usb_axi_timer_0_0' (0#1) [C:/aherce2/ECE-385---Final-Project/tanks/tanks.runs/synth_1/.Xil/Vivado-22136-DESKTOP-DCVGH3V/realtime/mb_usb_axi_timer_0_0_stub.v:5]
WARNING: [Synth 8-7071] port 'generateout0' of module 'mb_usb_axi_timer_0_0' is unconnected for instance 'timer_usb_axi' [c:/aherce2/ECE-385---Final-Project/tanks/tanks.gen/sources_1/bd/mb_usb/synth/mb_usb.v:1576]
WARNING: [Synth 8-7071] port 'generateout1' of module 'mb_usb_axi_timer_0_0' is unconnected for instance 'timer_usb_axi' [c:/aherce2/ECE-385---Final-Project/tanks/tanks.gen/sources_1/bd/mb_usb/synth/mb_usb.v:1576]
WARNING: [Synth 8-7071] port 'pwm0' of module 'mb_usb_axi_timer_0_0' is unconnected for instance 'timer_usb_axi' [c:/aherce2/ECE-385---Final-Project/tanks/tanks.gen/sources_1/bd/mb_usb/synth/mb_usb.v:1576]
WARNING: [Synth 8-7023] instance 'timer_usb_axi' of module 'mb_usb_axi_timer_0_0' has 26 connections declared, but only 23 given [c:/aherce2/ECE-385---Final-Project/tanks/tanks.gen/sources_1/bd/mb_usb/synth/mb_usb.v:1576]
INFO: [Synth 8-6155] done synthesizing module 'mb_usb' (0#1) [c:/aherce2/ECE-385---Final-Project/tanks/tanks.gen/sources_1/bd/mb_usb/synth/mb_usb.v:936]
INFO: [Synth 8-6157] synthesizing module 'clk_wiz_0' [C:/aherce2/ECE-385---Final-Project/tanks/tanks.runs/synth_1/.Xil/Vivado-22136-DESKTOP-DCVGH3V/realtime/clk_wiz_0_stub.v:5]
INFO: [Synth 8-6155] done synthesizing module 'clk_wiz_0' (0#1) [C:/aherce2/ECE-385---Final-Project/tanks/tanks.runs/synth_1/.Xil/Vivado-22136-DESKTOP-DCVGH3V/realtime/clk_wiz_0_stub.v:5]
INFO: [Synth 8-6157] synthesizing module 'vga_controller' [C:/aherce2/ECE-385---Final-Project/tanks/tanks.srcs/sources_1/imports/design_source/VGA_controller.sv:26]
INFO: [Synth 8-6155] done synthesizing module 'vga_controller' (0#1) [C:/aherce2/ECE-385---Final-Project/tanks/tanks.srcs/sources_1/imports/design_source/VGA_controller.sv:26]
WARNING: [Synth 8-7071] port 'sync' of module 'vga_controller' is unconnected for instance 'vga' [C:/aherce2/ECE-385---Final-Project/tanks/tanks.srcs/sources_1/new/tanks_top_level.sv:124]
WARNING: [Synth 8-7023] instance 'vga' of module 'vga_controller' has 8 connections declared, but only 7 given [C:/aherce2/ECE-385---Final-Project/tanks/tanks.srcs/sources_1/new/tanks_top_level.sv:124]
INFO: [Synth 8-6157] synthesizing module 'hdmi_tx_0' [C:/aherce2/ECE-385---Final-Project/tanks/tanks.runs/synth_1/.Xil/Vivado-22136-DESKTOP-DCVGH3V/realtime/hdmi_tx_0_stub.v:5]
INFO: [Synth 8-6155] done synthesizing module 'hdmi_tx_0' (0#1) [C:/aherce2/ECE-385---Final-Project/tanks/tanks.runs/synth_1/.Xil/Vivado-22136-DESKTOP-DCVGH3V/realtime/hdmi_tx_0_stub.v:5]
INFO: [Synth 8-6157] synthesizing module 'ball' [C:/aherce2/ECE-385---Final-Project/tanks/tanks.srcs/sources_1/imports/design_source/ball.sv:2]
INFO: [Synth 8-6155] done synthesizing module 'ball' (0#1) [C:/aherce2/ECE-385---Final-Project/tanks/tanks.srcs/sources_1/imports/design_source/ball.sv:2]
WARNING: [Synth 8-7071] port 'player1Life' of module 'ball' is unconnected for instance 'ball_instance' [C:/aherce2/ECE-385---Final-Project/tanks/tanks.srcs/sources_1/new/tanks_top_level.sv:165]
WARNING: [Synth 8-7071] port 'player2Life' of module 'ball' is unconnected for instance 'ball_instance' [C:/aherce2/ECE-385---Final-Project/tanks/tanks.srcs/sources_1/new/tanks_top_level.sv:165]
WARNING: [Synth 8-7023] instance 'ball_instance' of module 'ball' has 23 connections declared, but only 21 given [C:/aherce2/ECE-385---Final-Project/tanks/tanks.srcs/sources_1/new/tanks_top_level.sv:165]
INFO: [Synth 8-6157] synthesizing module 'color_mapper' [C:/aherce2/ECE-385---Final-Project/tanks/tanks.srcs/sources_1/imports/design_source/Color_Mapper.sv:3]
INFO: [Synth 8-6157] synthesizing module 'tank_rom' [C:/aherce2/ECE-385---Final-Project/tanks/tanks.runs/synth_1/.Xil/Vivado-22136-DESKTOP-DCVGH3V/realtime/tank_rom_stub.v:5]
INFO: [Synth 8-6155] done synthesizing module 'tank_rom' (0#1) [C:/aherce2/ECE-385---Final-Project/tanks/tanks.runs/synth_1/.Xil/Vivado-22136-DESKTOP-DCVGH3V/realtime/tank_rom_stub.v:5]
INFO: [Synth 8-6157] synthesizing module 'tank_palette' [C:/aherce2/ECE-385---Final-Project/tanks/tanks.srcs/sources_1/imports/tank/tank_palette.sv:8]
INFO: [Synth 8-6155] done synthesizing module 'tank_palette' (0#1) [C:/aherce2/ECE-385---Final-Project/tanks/tanks.srcs/sources_1/imports/tank/tank_palette.sv:8]
INFO: [Synth 8-6157] synthesizing module 'tank2_palette' [C:/aherce2/ECE-385---Final-Project/tanks/tanks.srcs/sources_1/imports/tank/tank_palette.sv:24]
INFO: [Synth 8-6155] done synthesizing module 'tank2_palette' (0#1) [C:/aherce2/ECE-385---Final-Project/tanks/tanks.srcs/sources_1/imports/tank/tank_palette.sv:24]
INFO: [Synth 8-6157] synthesizing module 'background_rom' [C:/aherce2/ECE-385---Final-Project/tanks/tanks.runs/synth_1/.Xil/Vivado-22136-DESKTOP-DCVGH3V/realtime/background_rom_stub.v:5]
INFO: [Synth 8-6155] done synthesizing module 'background_rom' (0#1) [C:/aherce2/ECE-385---Final-Project/tanks/tanks.runs/synth_1/.Xil/Vivado-22136-DESKTOP-DCVGH3V/realtime/background_rom_stub.v:5]
WARNING: [Synth 8-7071] port 'wea' of module 'background_rom' is unconnected for instance 'background_rom' [C:/aherce2/ECE-385---Final-Project/tanks/tanks.srcs/sources_1/imports/design_source/Color_Mapper.sv:190]
WARNING: [Synth 8-7071] port 'dina' of module 'background_rom' is unconnected for instance 'background_rom' [C:/aherce2/ECE-385---Final-Project/tanks/tanks.srcs/sources_1/imports/design_source/Color_Mapper.sv:190]
WARNING: [Synth 8-7023] instance 'background_rom' of module 'background_rom' has 5 connections declared, but only 3 given [C:/aherce2/ECE-385---Final-Project/tanks/tanks.srcs/sources_1/imports/design_source/Color_Mapper.sv:190]
INFO: [Synth 8-6157] synthesizing module 'background_palette' [C:/aherce2/ECE-385---Final-Project/tanks/tanks.srcs/sources_1/imports/background/background_palette.sv:8]
INFO: [Synth 8-6155] done synthesizing module 'background_palette' (0#1) [C:/aherce2/ECE-385---Final-Project/tanks/tanks.srcs/sources_1/imports/background/background_palette.sv:8]
INFO: [Synth 8-6157] synthesizing module 'tank1_life' [C:/aherce2/ECE-385---Final-Project/tanks/tanks.runs/synth_1/.Xil/Vivado-22136-DESKTOP-DCVGH3V/realtime/tank1_life_stub.v:5]
INFO: [Synth 8-6155] done synthesizing module 'tank1_life' (0#1) [C:/aherce2/ECE-385---Final-Project/tanks/tanks.runs/synth_1/.Xil/Vivado-22136-DESKTOP-DCVGH3V/realtime/tank1_life_stub.v:5]
INFO: [Synth 8-6157] synthesizing module 'tank1_life_palette' [C:/aherce2/ECE-385---Final-Project/tanks/tanks.srcs/sources_1/imports/tank/tank_palette.sv:41]
INFO: [Synth 8-6155] done synthesizing module 'tank1_life_palette' (0#1) [C:/aherce2/ECE-385---Final-Project/tanks/tanks.srcs/sources_1/imports/tank/tank_palette.sv:41]
INFO: [Synth 8-6157] synthesizing module 'tank2_life_rom' [C:/aherce2/ECE-385---Final-Project/tanks/tanks.runs/synth_1/.Xil/Vivado-22136-DESKTOP-DCVGH3V/realtime/tank2_life_rom_stub.v:5]
INFO: [Synth 8-6155] done synthesizing module 'tank2_life_rom' (0#1) [C:/aherce2/ECE-385---Final-Project/tanks/tanks.runs/synth_1/.Xil/Vivado-22136-DESKTOP-DCVGH3V/realtime/tank2_life_rom_stub.v:5]
INFO: [Synth 8-6157] synthesizing module 'tank2_life_palette' [C:/aherce2/ECE-385---Final-Project/tanks/tanks.srcs/sources_1/imports/tank/tank_palette.sv:55]
INFO: [Synth 8-6155] done synthesizing module 'tank2_life_palette' (0#1) [C:/aherce2/ECE-385---Final-Project/tanks/tanks.srcs/sources_1/imports/tank/tank_palette.sv:55]
INFO: [Synth 8-6155] done synthesizing module 'color_mapper' (0#1) [C:/aherce2/ECE-385---Final-Project/tanks/tanks.srcs/sources_1/imports/design_source/Color_Mapper.sv:3]
INFO: [Synth 8-6155] done synthesizing module 'tanks_top_level' (0#1) [C:/aherce2/ECE-385---Final-Project/tanks/tanks.srcs/sources_1/new/tanks_top_level.sv:23]
CRITICAL WARNING: [Synth 8-5413] Mix of synchronous and asynchronous control for register game_over_reg in module ball. [C:/aherce2/ECE-385---Final-Project/tanks/tanks.srcs/sources_1/imports/design_source/ball.sv:103]
WARNING: [Synth 8-7137] Register game_over_reg in module ball has both Set and reset with same priority. This may cause simulation mismatches. Consider rewriting code  [C:/aherce2/ECE-385---Final-Project/tanks/tanks.srcs/sources_1/imports/design_source/ball.sv:103]
WARNING: [Synth 8-7137] Register winner_reg in module ball has both Set and reset with same priority. This may cause simulation mismatches. Consider rewriting code  [C:/aherce2/ECE-385---Final-Project/tanks/tanks.srcs/sources_1/imports/design_source/ball.sv:156]
WARNING: [Synth 8-3848] Net player1Life in module/entity ball does not have driver. [C:/aherce2/ECE-385---Final-Project/tanks/tanks.srcs/sources_1/imports/design_source/ball.sv:11]
WARNING: [Synth 8-3848] Net player2Life in module/entity ball does not have driver. [C:/aherce2/ECE-385---Final-Project/tanks/tanks.srcs/sources_1/imports/design_source/ball.sv:11]
WARNING: [Synth 8-87] always_comb on 'tank1_rom_address_reg' did not result in combinational logic [C:/aherce2/ECE-385---Final-Project/tanks/tanks.srcs/sources_1/imports/design_source/Color_Mapper.sv:77]
WARNING: [Synth 8-87] always_comb on 'tank_1_on_reg' did not result in combinational logic [C:/aherce2/ECE-385---Final-Project/tanks/tanks.srcs/sources_1/imports/design_source/Color_Mapper.sv:78]
WARNING: [Synth 8-87] always_comb on 'tank_2_on_reg' did not result in combinational logic [C:/aherce2/ECE-385---Final-Project/tanks/tanks.srcs/sources_1/imports/design_source/Color_Mapper.sv:79]
WARNING: [Synth 8-87] always_comb on 'draw_missile_1_reg' did not result in combinational logic [C:/aherce2/ECE-385---Final-Project/tanks/tanks.srcs/sources_1/imports/design_source/Color_Mapper.sv:80]
WARNING: [Synth 8-87] always_comb on 'draw_missile_2_reg' did not result in combinational logic [C:/aherce2/ECE-385---Final-Project/tanks/tanks.srcs/sources_1/imports/design_source/Color_Mapper.sv:81]
WARNING: [Synth 8-87] always_comb on 'tank2_rom_address_reg' did not result in combinational logic [C:/aherce2/ECE-385---Final-Project/tanks/tanks.srcs/sources_1/imports/design_source/Color_Mapper.sv:85]
WARNING: [Synth 8-87] always_comb on 'tank1_life_rom_address_reg' did not result in combinational logic [C:/aherce2/ECE-385---Final-Project/tanks/tanks.srcs/sources_1/imports/design_source/Color_Mapper.sv:102]
WARNING: [Synth 8-87] always_comb on 'tank1_life_display_reg' did not result in combinational logic [C:/aherce2/ECE-385---Final-Project/tanks/tanks.srcs/sources_1/imports/design_source/Color_Mapper.sv:103]
WARNING: [Synth 8-87] always_comb on 'tank2_life_rom_address_reg' did not result in combinational logic [C:/aherce2/ECE-385---Final-Project/tanks/tanks.srcs/sources_1/imports/design_source/Color_Mapper.sv:108]
WARNING: [Synth 8-87] always_comb on 'tank2_life_display_reg' did not result in combinational logic [C:/aherce2/ECE-385---Final-Project/tanks/tanks.srcs/sources_1/imports/design_source/Color_Mapper.sv:109]
WARNING: [Synth 8-7129] Port life_1_offset[12] in module color_mapper is either unconnected or has no load
WARNING: [Synth 8-7129] Port life_2_offset[12] in module color_mapper is either unconnected or has no load
WARNING: [Synth 8-7129] Port player1Life[2] in module ball is either unconnected or has no load
WARNING: [Synth 8-7129] Port player1Life[1] in module ball is either unconnected or has no load
WARNING: [Synth 8-7129] Port player1Life[0] in module ball is either unconnected or has no load
WARNING: [Synth 8-7129] Port player2Life[2] in module ball is either unconnected or has no load
WARNING: [Synth 8-7129] Port player2Life[1] in module ball is either unconnected or has no load
WARNING: [Synth 8-7129] Port player2Life[0] in module ball is either unconnected or has no load
WARNING: [Synth 8-7129] Port DrawX[9] in module ball is either unconnected or has no load
WARNING: [Synth 8-7129] Port DrawX[8] in module ball is either unconnected or has no load
WARNING: [Synth 8-7129] Port DrawX[7] in module ball is either unconnected or has no load
WARNING: [Synth 8-7129] Port DrawX[6] in module ball is either unconnected or has no load
WARNING: [Synth 8-7129] Port DrawX[5] in module ball is either unconnected or has no load
WARNING: [Synth 8-7129] Port DrawX[4] in module ball is either unconnected or has no load
WARNING: [Synth 8-7129] Port DrawX[3] in module ball is either unconnected or has no load
WARNING: [Synth 8-7129] Port DrawX[2] in module ball is either unconnected or has no load
WARNING: [Synth 8-7129] Port DrawX[1] in module ball is either unconnected or has no load
WARNING: [Synth 8-7129] Port DrawX[0] in module ball is either unconnected or has no load
WARNING: [Synth 8-7129] Port DrawY[9] in module ball is either unconnected or has no load
WARNING: [Synth 8-7129] Port DrawY[8] in module ball is either unconnected or has no load
WARNING: [Synth 8-7129] Port DrawY[7] in module ball is either unconnected or has no load
WARNING: [Synth 8-7129] Port DrawY[6] in module ball is either unconnected or has no load
WARNING: [Synth 8-7129] Port DrawY[5] in module ball is either unconnected or has no load
WARNING: [Synth 8-7129] Port DrawY[4] in module ball is either unconnected or has no load
WARNING: [Synth 8-7129] Port DrawY[3] in module ball is either unconnected or has no load
WARNING: [Synth 8-7129] Port DrawY[2] in module ball is either unconnected or has no load
WARNING: [Synth 8-7129] Port DrawY[1] in module ball is either unconnected or has no load
WARNING: [Synth 8-7129] Port DrawY[0] in module ball is either unconnected or has no load
WARNING: [Synth 8-7129] Port In4[0] in module xlconcat_v2_1_4_xlconcat is either unconnected or has no load
WARNING: [Synth 8-7129] Port In5[0] in module xlconcat_v2_1_4_xlconcat is either unconnected or has no load
WARNING: [Synth 8-7129] Port In6[0] in module xlconcat_v2_1_4_xlconcat is either unconnected or has no load
WARNING: [Synth 8-7129] Port In7[0] in module xlconcat_v2_1_4_xlconcat is either unconnected or has no load
WARNING: [Synth 8-7129] Port In8[0] in module xlconcat_v2_1_4_xlconcat is either unconnected or has no load
WARNING: [Synth 8-7129] Port In9[0] in module xlconcat_v2_1_4_xlconcat is either unconnected or has no load
WARNING: [Synth 8-7129] Port In10[0] in module xlconcat_v2_1_4_xlconcat is either unconnected or has no load
WARNING: [Synth 8-7129] Port In11[0] in module xlconcat_v2_1_4_xlconcat is either unconnected or has no load
WARNING: [Synth 8-7129] Port In12[0] in module xlconcat_v2_1_4_xlconcat is either unconnected or has no load
WARNING: [Synth 8-7129] Port In13[0] in module xlconcat_v2_1_4_xlconcat is either unconnected or has no load
WARNING: [Synth 8-7129] Port In14[0] in module xlconcat_v2_1_4_xlconcat is either unconnected or has no load
WARNING: [Synth 8-7129] Port In15[0] in module xlconcat_v2_1_4_xlconcat is either unconnected or has no load
WARNING: [Synth 8-7129] Port In16[0] in module xlconcat_v2_1_4_xlconcat is either unconnected or has no load
WARNING: [Synth 8-7129] Port In17[0] in module xlconcat_v2_1_4_xlconcat is either unconnected or has no load
WARNING: [Synth 8-7129] Port In18[0] in module xlconcat_v2_1_4_xlconcat is either unconnected or has no load
WARNING: [Synth 8-7129] Port In19[0] in module xlconcat_v2_1_4_xlconcat is either unconnected or has no load
WARNING: [Synth 8-7129] Port In20[0] in module xlconcat_v2_1_4_xlconcat is either unconnected or has no load
WARNING: [Synth 8-7129] Port In21[0] in module xlconcat_v2_1_4_xlconcat is either unconnected or has no load
WARNING: [Synth 8-7129] Port In22[0] in module xlconcat_v2_1_4_xlconcat is either unconnected or has no load
WARNING: [Synth 8-7129] Port In23[0] in module xlconcat_v2_1_4_xlconcat is either unconnected or has no load
WARNING: [Synth 8-7129] Port In24[0] in module xlconcat_v2_1_4_xlconcat is either unconnected or has no load
WARNING: [Synth 8-7129] Port In25[0] in module xlconcat_v2_1_4_xlconcat is either unconnected or has no load
WARNING: [Synth 8-7129] Port In26[0] in module xlconcat_v2_1_4_xlconcat is either unconnected or has no load
WARNING: [Synth 8-7129] Port In27[0] in module xlconcat_v2_1_4_xlconcat is either unconnected or has no load
WARNING: [Synth 8-7129] Port In28[0] in module xlconcat_v2_1_4_xlconcat is either unconnected or has no load
WARNING: [Synth 8-7129] Port In29[0] in module xlconcat_v2_1_4_xlconcat is either unconnected or has no load
WARNING: [Synth 8-7129] Port In30[0] in module xlconcat_v2_1_4_xlconcat is either unconnected or has no load
WARNING: [Synth 8-7129] Port In31[0] in module xlconcat_v2_1_4_xlconcat is either unconnected or has no load
WARNING: [Synth 8-7129] Port In32[0] in module xlconcat_v2_1_4_xlconcat is either unconnected or has no load
WARNING: [Synth 8-7129] Port In33[0] in module xlconcat_v2_1_4_xlconcat is either unconnected or has no load
WARNING: [Synth 8-7129] Port In34[0] in module xlconcat_v2_1_4_xlconcat is either unconnected or has no load
WARNING: [Synth 8-7129] Port In35[0] in module xlconcat_v2_1_4_xlconcat is either unconnected or has no load
WARNING: [Synth 8-7129] Port In36[0] in module xlconcat_v2_1_4_xlconcat is either unconnected or has no load
WARNING: [Synth 8-7129] Port In37[0] in module xlconcat_v2_1_4_xlconcat is either unconnected or has no load
WARNING: [Synth 8-7129] Port In38[0] in module xlconcat_v2_1_4_xlconcat is either unconnected or has no load
WARNING: [Synth 8-7129] Port In39[0] in module xlconcat_v2_1_4_xlconcat is either unconnected or has no load
WARNING: [Synth 8-7129] Port In40[0] in module xlconcat_v2_1_4_xlconcat is either unconnected or has no load
WARNING: [Synth 8-7129] Port In41[0] in module xlconcat_v2_1_4_xlconcat is either unconnected or has no load
WARNING: [Synth 8-7129] Port In42[0] in module xlconcat_v2_1_4_xlconcat is either unconnected or has no load
WARNING: [Synth 8-7129] Port In43[0] in module xlconcat_v2_1_4_xlconcat is either unconnected or has no load
WARNING: [Synth 8-7129] Port In44[0] in module xlconcat_v2_1_4_xlconcat is either unconnected or has no load
WARNING: [Synth 8-7129] Port In45[0] in module xlconcat_v2_1_4_xlconcat is either unconnected or has no load
WARNING: [Synth 8-7129] Port In46[0] in module xlconcat_v2_1_4_xlconcat is either unconnected or has no load
WARNING: [Synth 8-7129] Port In47[0] in module xlconcat_v2_1_4_xlconcat is either unconnected or has no load
WARNING: [Synth 8-7129] Port In48[0] in module xlconcat_v2_1_4_xlconcat is either unconnected or has no load
WARNING: [Synth 8-7129] Port In49[0] in module xlconcat_v2_1_4_xlconcat is either unconnected or has no load
WARNING: [Synth 8-7129] Port In50[0] in module xlconcat_v2_1_4_xlconcat is either unconnected or has no load
WARNING: [Synth 8-7129] Port In51[0] in module xlconcat_v2_1_4_xlconcat is either unconnected or has no load
WARNING: [Synth 8-7129] Port In52[0] in module xlconcat_v2_1_4_xlconcat is either unconnected or has no load
WARNING: [Synth 8-7129] Port In53[0] in module xlconcat_v2_1_4_xlconcat is either unconnected or has no load
WARNING: [Synth 8-7129] Port In54[0] in module xlconcat_v2_1_4_xlconcat is either unconnected or has no load
WARNING: [Synth 8-7129] Port In55[0] in module xlconcat_v2_1_4_xlconcat is either unconnected or has no load
WARNING: [Synth 8-7129] Port In56[0] in module xlconcat_v2_1_4_xlconcat is either unconnected or has no load
WARNING: [Synth 8-7129] Port In57[0] in module xlconcat_v2_1_4_xlconcat is either unconnected or has no load
WARNING: [Synth 8-7129] Port In58[0] in module xlconcat_v2_1_4_xlconcat is either unconnected or has no load
WARNING: [Synth 8-7129] Port In59[0] in module xlconcat_v2_1_4_xlconcat is either unconnected or has no load
WARNING: [Synth 8-7129] Port In60[0] in module xlconcat_v2_1_4_xlconcat is either unconnected or has no load
WARNING: [Synth 8-7129] Port In61[0] in module xlconcat_v2_1_4_xlconcat is either unconnected or has no load
WARNING: [Synth 8-7129] Port In62[0] in module xlconcat_v2_1_4_xlconcat is either unconnected or has no load
WARNING: [Synth 8-7129] Port In63[0] in module xlconcat_v2_1_4_xlconcat is either unconnected or has no load
WARNING: [Synth 8-7129] Port In64[0] in module xlconcat_v2_1_4_xlconcat is either unconnected or has no load
WARNING: [Synth 8-7129] Port In65[0] in module xlconcat_v2_1_4_xlconcat is either unconnected or has no load
WARNING: [Synth 8-7129] Port In66[0] in module xlconcat_v2_1_4_xlconcat is either unconnected or has no load
WARNING: [Synth 8-7129] Port In67[0] in module xlconcat_v2_1_4_xlconcat is either unconnected or has no load
WARNING: [Synth 8-7129] Port In68[0] in module xlconcat_v2_1_4_xlconcat is either unconnected or has no load
WARNING: [Synth 8-7129] Port In69[0] in module xlconcat_v2_1_4_xlconcat is either unconnected or has no load
WARNING: [Synth 8-7129] Port In70[0] in module xlconcat_v2_1_4_xlconcat is either unconnected or has no load
WARNING: [Synth 8-7129] Port In71[0] in module xlconcat_v2_1_4_xlconcat is either unconnected or has no load
WARNING: [Synth 8-7129] Port In72[0] in module xlconcat_v2_1_4_xlconcat is either unconnected or has no load
WARNING: [Synth 8-7129] Port In73[0] in module xlconcat_v2_1_4_xlconcat is either unconnected or has no load
WARNING: [Synth 8-7129] Port In74[0] in module xlconcat_v2_1_4_xlconcat is either unconnected or has no load
WARNING: [Synth 8-7129] Port In75[0] in module xlconcat_v2_1_4_xlconcat is either unconnected or has no load
INFO: [Common 17-14] Message 'Synth 8-7129' appears 100 times and further instances of the messages will be disabled. Use the Tcl command set_msg_config to change the current settings.
---------------------------------------------------------------------------------
Finished RTL Elaboration : Time (s): cpu = 00:00:05 ; elapsed = 00:00:07 . Memory (MB): peak = 1336.781 ; gain = 527.090
---------------------------------------------------------------------------------
---------------------------------------------------------------------------------
Start Handling Custom Attributes
---------------------------------------------------------------------------------
---------------------------------------------------------------------------------
Finished Handling Custom Attributes : Time (s): cpu = 00:00:05 ; elapsed = 00:00:07 . Memory (MB): peak = 1336.781 ; gain = 527.090
---------------------------------------------------------------------------------
---------------------------------------------------------------------------------
Finished RTL Optimization Phase 1 : Time (s): cpu = 00:00:05 ; elapsed = 00:00:07 . Memory (MB): peak = 1336.781 ; gain = 527.090
---------------------------------------------------------------------------------
Netlist sorting complete. Time (s): cpu = 00:00:00 ; elapsed = 00:00:00.050 . Memory (MB): peak = 1336.781 ; gain = 0.000
INFO: [Project 1-570] Preparing netlist for logic optimization

Processing XDC Constraints
Initializing timing engine
Parsing XDC File [c:/aherce2/ECE-385---Final-Project/tanks/tanks.gen/sources_1/bd/mb_usb/ip/mb_usb_microblaze_0_0/mb_usb_microblaze_0_0/mb_usb_microblaze_0_0_in_context.xdc] for cell 'mb_block_i/microblaze_0'
Finished Parsing XDC File [c:/aherce2/ECE-385---Final-Project/tanks/tanks.gen/sources_1/bd/mb_usb/ip/mb_usb_microblaze_0_0/mb_usb_microblaze_0_0/mb_usb_microblaze_0_0_in_context.xdc] for cell 'mb_block_i/microblaze_0'
Parsing XDC File [c:/aherce2/ECE-385---Final-Project/tanks/tanks.gen/sources_1/bd/mb_usb/ip/mb_usb_dlmb_v10_0/mb_usb_dlmb_v10_0/mb_usb_dlmb_v10_0_in_context.xdc] for cell 'mb_block_i/microblaze_0_local_memory/dlmb_v10'
Finished Parsing XDC File [c:/aherce2/ECE-385---Final-Project/tanks/tanks.gen/sources_1/bd/mb_usb/ip/mb_usb_dlmb_v10_0/mb_usb_dlmb_v10_0/mb_usb_dlmb_v10_0_in_context.xdc] for cell 'mb_block_i/microblaze_0_local_memory/dlmb_v10'
Parsing XDC File [c:/aherce2/ECE-385---Final-Project/tanks/tanks.gen/sources_1/bd/mb_usb/ip/mb_usb_ilmb_v10_0/mb_usb_ilmb_v10_0/mb_usb_dlmb_v10_0_in_context.xdc] for cell 'mb_block_i/microblaze_0_local_memory/ilmb_v10'
Finished Parsing XDC File [c:/aherce2/ECE-385---Final-Project/tanks/tanks.gen/sources_1/bd/mb_usb/ip/mb_usb_ilmb_v10_0/mb_usb_ilmb_v10_0/mb_usb_dlmb_v10_0_in_context.xdc] for cell 'mb_block_i/microblaze_0_local_memory/ilmb_v10'
Parsing XDC File [c:/aherce2/ECE-385---Final-Project/tanks/tanks.gen/sources_1/bd/mb_usb/ip/mb_usb_dlmb_bram_if_cntlr_0/mb_usb_dlmb_bram_if_cntlr_0/mb_usb_dlmb_bram_if_cntlr_0_in_context.xdc] for cell 'mb_block_i/microblaze_0_local_memory/dlmb_bram_if_cntlr'
Finished Parsing XDC File [c:/aherce2/ECE-385---Final-Project/tanks/tanks.gen/sources_1/bd/mb_usb/ip/mb_usb_dlmb_bram_if_cntlr_0/mb_usb_dlmb_bram_if_cntlr_0/mb_usb_dlmb_bram_if_cntlr_0_in_context.xdc] for cell 'mb_block_i/microblaze_0_local_memory/dlmb_bram_if_cntlr'
Parsing XDC File [c:/aherce2/ECE-385---Final-Project/tanks/tanks.gen/sources_1/bd/mb_usb/ip/mb_usb_ilmb_bram_if_cntlr_0/mb_usb_ilmb_bram_if_cntlr_0/mb_usb_ilmb_bram_if_cntlr_0_in_context.xdc] for cell 'mb_block_i/microblaze_0_local_memory/ilmb_bram_if_cntlr'
Finished Parsing XDC File [c:/aherce2/ECE-385---Final-Project/tanks/tanks.gen/sources_1/bd/mb_usb/ip/mb_usb_ilmb_bram_if_cntlr_0/mb_usb_ilmb_bram_if_cntlr_0/mb_usb_ilmb_bram_if_cntlr_0_in_context.xdc] for cell 'mb_block_i/microblaze_0_local_memory/ilmb_bram_if_cntlr'
Parsing XDC File [c:/aherce2/ECE-385---Final-Project/tanks/tanks.gen/sources_1/bd/mb_usb/ip/mb_usb_lmb_bram_0/mb_usb_lmb_bram_0/mb_usb_lmb_bram_0_in_context.xdc] for cell 'mb_block_i/microblaze_0_local_memory/lmb_bram'
Finished Parsing XDC File [c:/aherce2/ECE-385---Final-Project/tanks/tanks.gen/sources_1/bd/mb_usb/ip/mb_usb_lmb_bram_0/mb_usb_lmb_bram_0/mb_usb_lmb_bram_0_in_context.xdc] for cell 'mb_block_i/microblaze_0_local_memory/lmb_bram'
Parsing XDC File [c:/aherce2/ECE-385---Final-Project/tanks/tanks.gen/sources_1/bd/mb_usb/ip/mb_usb_xbar_0/mb_usb_xbar_0/mb_usb_xbar_0_in_context.xdc] for cell 'mb_block_i/microblaze_0_axi_periph/xbar'
Finished Parsing XDC File [c:/aherce2/ECE-385---Final-Project/tanks/tanks.gen/sources_1/bd/mb_usb/ip/mb_usb_xbar_0/mb_usb_xbar_0/mb_usb_xbar_0_in_context.xdc] for cell 'mb_block_i/microblaze_0_axi_periph/xbar'
Parsing XDC File [c:/aherce2/ECE-385---Final-Project/tanks/tanks.gen/sources_1/bd/mb_usb/ip/mb_usb_microblaze_0_axi_intc_0/mb_usb_microblaze_0_axi_intc_0/mb_usb_microblaze_0_axi_intc_0_in_context.xdc] for cell 'mb_block_i/microblaze_0_axi_intc'
Finished Parsing XDC File [c:/aherce2/ECE-385---Final-Project/tanks/tanks.gen/sources_1/bd/mb_usb/ip/mb_usb_microblaze_0_axi_intc_0/mb_usb_microblaze_0_axi_intc_0/mb_usb_microblaze_0_axi_intc_0_in_context.xdc] for cell 'mb_block_i/microblaze_0_axi_intc'
Parsing XDC File [c:/aherce2/ECE-385---Final-Project/tanks/tanks.gen/sources_1/bd/mb_usb/ip/mb_usb_mdm_1_0/mb_usb_mdm_1_0/mb_usb_mdm_1_0_in_context.xdc] for cell 'mb_block_i/mdm_1'
Finished Parsing XDC File [c:/aherce2/ECE-385---Final-Project/tanks/tanks.gen/sources_1/bd/mb_usb/ip/mb_usb_mdm_1_0/mb_usb_mdm_1_0/mb_usb_mdm_1_0_in_context.xdc] for cell 'mb_block_i/mdm_1'
Parsing XDC File [c:/aherce2/ECE-385---Final-Project/tanks/tanks.gen/sources_1/bd/mb_usb/ip/mb_usb_clk_wiz_1_0/mb_usb_clk_wiz_1_0/mb_usb_clk_wiz_1_0_in_context.xdc] for cell 'mb_block_i/clk_wiz_1'
Finished Parsing XDC File [c:/aherce2/ECE-385---Final-Project/tanks/tanks.gen/sources_1/bd/mb_usb/ip/mb_usb_clk_wiz_1_0/mb_usb_clk_wiz_1_0/mb_usb_clk_wiz_1_0_in_context.xdc] for cell 'mb_block_i/clk_wiz_1'
Parsing XDC File [c:/aherce2/ECE-385---Final-Project/tanks/tanks.gen/sources_1/bd/mb_usb/ip/mb_usb_rst_clk_wiz_1_100M_0/mb_usb_rst_clk_wiz_1_100M_0/mb_usb_rst_clk_wiz_1_100M_0_in_context.xdc] for cell 'mb_block_i/rst_clk_wiz_1_100M'
Finished Parsing XDC File [c:/aherce2/ECE-385---Final-Project/tanks/tanks.gen/sources_1/bd/mb_usb/ip/mb_usb_rst_clk_wiz_1_100M_0/mb_usb_rst_clk_wiz_1_100M_0/mb_usb_rst_clk_wiz_1_100M_0_in_context.xdc] for cell 'mb_block_i/rst_clk_wiz_1_100M'
Parsing XDC File [c:/aherce2/ECE-385---Final-Project/tanks/tanks.gen/sources_1/bd/mb_usb/ip/mb_usb_axi_uartlite_0_0/mb_usb_axi_uartlite_0_0/mb_usb_axi_uartlite_0_0_in_context.xdc] for cell 'mb_block_i/axi_uartlite_0'
Finished Parsing XDC File [c:/aherce2/ECE-385---Final-Project/tanks/tanks.gen/sources_1/bd/mb_usb/ip/mb_usb_axi_uartlite_0_0/mb_usb_axi_uartlite_0_0/mb_usb_axi_uartlite_0_0_in_context.xdc] for cell 'mb_block_i/axi_uartlite_0'
Parsing XDC File [c:/aherce2/ECE-385---Final-Project/tanks/tanks.gen/sources_1/bd/mb_usb/ip/mb_usb_axi_gpio_0_1/mb_usb_axi_gpio_0_1/mb_usb_axi_gpio_0_1_in_context.xdc] for cell 'mb_block_i/gpio_usb_rst'
Finished Parsing XDC File [c:/aherce2/ECE-385---Final-Project/tanks/tanks.gen/sources_1/bd/mb_usb/ip/mb_usb_axi_gpio_0_1/mb_usb_axi_gpio_0_1/mb_usb_axi_gpio_0_1_in_context.xdc] for cell 'mb_block_i/gpio_usb_rst'
Parsing XDC File [c:/aherce2/ECE-385---Final-Project/tanks/tanks.gen/sources_1/bd/mb_usb/ip/mb_usb_axi_gpio_1_0/mb_usb_axi_gpio_1_0/mb_usb_axi_gpio_1_0_in_context.xdc] for cell 'mb_block_i/gpio_usb_int'
Finished Parsing XDC File [c:/aherce2/ECE-385---Final-Project/tanks/tanks.gen/sources_1/bd/mb_usb/ip/mb_usb_axi_gpio_1_0/mb_usb_axi_gpio_1_0/mb_usb_axi_gpio_1_0_in_context.xdc] for cell 'mb_block_i/gpio_usb_int'
Parsing XDC File [c:/aherce2/ECE-385---Final-Project/tanks/tanks.gen/sources_1/bd/mb_usb/ip/mb_usb_axi_gpio_2_0/mb_usb_axi_gpio_2_0/mb_usb_axi_gpio_2_0_in_context.xdc] for cell 'mb_block_i/gpio_usb_keycode'
Finished Parsing XDC File [c:/aherce2/ECE-385---Final-Project/tanks/tanks.gen/sources_1/bd/mb_usb/ip/mb_usb_axi_gpio_2_0/mb_usb_axi_gpio_2_0/mb_usb_axi_gpio_2_0_in_context.xdc] for cell 'mb_block_i/gpio_usb_keycode'
Parsing XDC File [c:/aherce2/ECE-385---Final-Project/tanks/tanks.gen/sources_1/bd/mb_usb/ip/mb_usb_axi_timer_0_0/mb_usb_axi_timer_0_0/mb_usb_axi_timer_0_0_in_context.xdc] for cell 'mb_block_i/timer_usb_axi'
Finished Parsing XDC File [c:/aherce2/ECE-385---Final-Project/tanks/tanks.gen/sources_1/bd/mb_usb/ip/mb_usb_axi_timer_0_0/mb_usb_axi_timer_0_0/mb_usb_axi_timer_0_0_in_context.xdc] for cell 'mb_block_i/timer_usb_axi'
Parsing XDC File [c:/aherce2/ECE-385---Final-Project/tanks/tanks.gen/sources_1/bd/mb_usb/ip/mb_usb_axi_quad_spi_0_0/mb_usb_axi_quad_spi_0_0/mb_usb_axi_quad_spi_0_0_in_context.xdc] for cell 'mb_block_i/spi_usb'
Finished Parsing XDC File [c:/aherce2/ECE-385---Final-Project/tanks/tanks.gen/sources_1/bd/mb_usb/ip/mb_usb_axi_quad_spi_0_0/mb_usb_axi_quad_spi_0_0/mb_usb_axi_quad_spi_0_0_in_context.xdc] for cell 'mb_block_i/spi_usb'
Parsing XDC File [c:/aherce2/ECE-385---Final-Project/tanks/tanks.gen/sources_1/ip/clk_wiz_0/clk_wiz_0/clk_wiz_0_in_context.xdc] for cell 'clk_wiz'
WARNING: [Constraints 18-619] A clock with name 'Clk' already exists, overwriting the previous clock with the same name. [c:/aherce2/ECE-385---Final-Project/tanks/tanks.gen/sources_1/ip/clk_wiz_0/clk_wiz_0/clk_wiz_0_in_context.xdc:1]
Finished Parsing XDC File [c:/aherce2/ECE-385---Final-Project/tanks/tanks.gen/sources_1/ip/clk_wiz_0/clk_wiz_0/clk_wiz_0_in_context.xdc] for cell 'clk_wiz'
Parsing XDC File [c:/aherce2/ECE-385---Final-Project/tanks/tanks.gen/sources_1/ip/hdmi_tx_0/hdmi_tx_0/hdmi_tx_0_in_context.xdc] for cell 'vga_to_hdmi'
Finished Parsing XDC File [c:/aherce2/ECE-385---Final-Project/tanks/tanks.gen/sources_1/ip/hdmi_tx_0/hdmi_tx_0/hdmi_tx_0_in_context.xdc] for cell 'vga_to_hdmi'
Parsing XDC File [c:/aherce2/ECE-385---Final-Project/tanks/tanks.gen/sources_1/ip/background_rom/background_rom/background_rom_in_context.xdc] for cell 'color_instance/background_rom'
Finished Parsing XDC File [c:/aherce2/ECE-385---Final-Project/tanks/tanks.gen/sources_1/ip/background_rom/background_rom/background_rom_in_context.xdc] for cell 'color_instance/background_rom'
Parsing XDC File [c:/aherce2/ECE-385---Final-Project/tanks/tanks.gen/sources_1/ip/tank_rom/tank_rom/tank_rom_in_context.xdc] for cell 'color_instance/tank_rom'
Finished Parsing XDC File [c:/aherce2/ECE-385---Final-Project/tanks/tanks.gen/sources_1/ip/tank_rom/tank_rom/tank_rom_in_context.xdc] for cell 'color_instance/tank_rom'
Parsing XDC File [c:/aherce2/ECE-385---Final-Project/tanks/tanks.gen/sources_1/ip/tank_rom/tank_rom/tank_rom_in_context.xdc] for cell 'color_instance/tank2_rom'
Finished Parsing XDC File [c:/aherce2/ECE-385---Final-Project/tanks/tanks.gen/sources_1/ip/tank_rom/tank_rom/tank_rom_in_context.xdc] for cell 'color_instance/tank2_rom'
Parsing XDC File [c:/aherce2/ECE-385---Final-Project/tanks/tanks.gen/sources_1/ip/tank1_life/tank1_life/tank1_life_in_context.xdc] for cell 'color_instance/tank1_life'
Finished Parsing XDC File [c:/aherce2/ECE-385---Final-Project/tanks/tanks.gen/sources_1/ip/tank1_life/tank1_life/tank1_life_in_context.xdc] for cell 'color_instance/tank1_life'
Parsing XDC File [c:/aherce2/ECE-385---Final-Project/tanks/tanks.gen/sources_1/ip/tank2_life_rom/tank2_life_rom/tank2_life_rom_in_context.xdc] for cell 'color_instance/tank2_life'
Finished Parsing XDC File [c:/aherce2/ECE-385---Final-Project/tanks/tanks.gen/sources_1/ip/tank2_life_rom/tank2_life_rom/tank2_life_rom_in_context.xdc] for cell 'color_instance/tank2_life'
Parsing XDC File [C:/aherce2/ECE-385---Final-Project/tanks/tanks.srcs/constrs_1/imports/pin_assignment/mb_usb_hdmi_top.xdc]
CRITICAL WARNING: [Constraints 18-1056] Clock 'clk_100' completely overrides clock 'Clk'.
New: create_clock -period 10.000 -name clk_100 -waveform {0.000 5.000} [get_ports Clk], [C:/aherce2/ECE-385---Final-Project/tanks/tanks.srcs/constrs_1/imports/pin_assignment/mb_usb_hdmi_top.xdc:1]
Previous: create_clock -period 10.000 [get_ports Clk], [c:/aherce2/ECE-385---Final-Project/tanks/tanks.gen/sources_1/ip/clk_wiz_0/clk_wiz_0/clk_wiz_0_in_context.xdc:1]
Resolution: Review the constraint files and remove the redundant clock definition(s). If the clock constraints are not saved in a file, you can first save the constraints to an XDC file and reload the design once the constraints have been corrected.
Finished Parsing XDC File [C:/aherce2/ECE-385---Final-Project/tanks/tanks.srcs/constrs_1/imports/pin_assignment/mb_usb_hdmi_top.xdc]
INFO: [Project 1-236] Implementation specific constraints were found while reading constraint file [C:/aherce2/ECE-385---Final-Project/tanks/tanks.srcs/constrs_1/imports/pin_assignment/mb_usb_hdmi_top.xdc]. These constraints will be ignored for synthesis but will be used in implementation. Impacted constraints are listed in the file [.Xil/tanks_top_level_propImpl.xdc].
Resolution: To avoid this warning, move constraints listed in [.Xil/tanks_top_level_propImpl.xdc] to another XDC file and exclude this new file from synthesis with the used_in_synthesis property (File Properties dialog in GUI) and re-run elaboration/synthesis.
Parsing XDC File [C:/aherce2/ECE-385---Final-Project/tanks/tanks.runs/synth_1/dont_touch.xdc]
Finished Parsing XDC File [C:/aherce2/ECE-385---Final-Project/tanks/tanks.runs/synth_1/dont_touch.xdc]
Completed Processing XDC Constraints

Netlist sorting complete. Time (s): cpu = 00:00:00 ; elapsed = 00:00:00 . Memory (MB): peak = 1448.219 ; gain = 0.000
INFO: [Project 1-111] Unisim Transformation Summary:
No Unisim elements were transformed.

Constraint Validation Runtime : Time (s): cpu = 00:00:00 ; elapsed = 00:00:00.015 . Memory (MB): peak = 1448.219 ; gain = 0.000
WARNING: [Timing 38-316] Clock period '20.000' specified during out-of-context synthesis of instance 'mb_block_i/spi_usb' at clock pin 'ext_spi_clk' is different from the actual clock period '10.000', this can lead to different synthesis results.
WARNING: [Timing 38-316] Clock period '20.000' specified during out-of-context synthesis of instance 'mb_block_i/microblaze_0_local_memory/lmb_bram' at clock pin 'clka' is different from the actual clock period '10.000', this can lead to different synthesis results.
INFO: [Designutils 20-5440] No compile time benefit to using incremental synthesis; A full resynthesis will be run
INFO: [Designutils 20-4379] Flow is switching to default flow due to incremental criteria not met. If you would like to alter this behaviour and have the flow terminate instead, please set the following parameter config_implementation {autoIncr.Synth.RejectBehavior Terminate}
INFO: [Synth 8-11241] undeclared symbol 'REGCCE', assumed default net type 'wire' [C:/Xilinx/Vivado/2022.2/data/verilog/src/unimacro/BRAM_SINGLE_MACRO.v:2170]
---------------------------------------------------------------------------------
Finished Constraint Validation : Time (s): cpu = 00:00:10 ; elapsed = 00:00:14 . Memory (MB): peak = 1449.027 ; gain = 639.336
---------------------------------------------------------------------------------
---------------------------------------------------------------------------------
Start Loading Part and Timing Information
---------------------------------------------------------------------------------
Loading part: xc7s50csga324-1
---------------------------------------------------------------------------------
Finished Loading Part and Timing Information : Time (s): cpu = 00:00:10 ; elapsed = 00:00:14 . Memory (MB): peak = 1449.027 ; gain = 639.336
---------------------------------------------------------------------------------
---------------------------------------------------------------------------------
Start Applying 'set_property' XDC Constraints
---------------------------------------------------------------------------------
Applied set_property IO_BUFFER_TYPE = NONE for Clk. (constraint file  c:/aherce2/ECE-385---Final-Project/tanks/tanks.gen/sources_1/ip/clk_wiz_0/clk_wiz_0/clk_wiz_0_in_context.xdc, line 4).
Applied set_property CLOCK_BUFFER_TYPE = NONE for Clk. (constraint file  c:/aherce2/ECE-385---Final-Project/tanks/tanks.gen/sources_1/ip/clk_wiz_0/clk_wiz_0/clk_wiz_0_in_context.xdc, line 5).
Applied set_property IO_BUFFER_TYPE = NONE for hdmi_tmds_clk_n. (constraint file  c:/aherce2/ECE-385---Final-Project/tanks/tanks.gen/sources_1/ip/hdmi_tx_0/hdmi_tx_0/hdmi_tx_0_in_context.xdc, line 1).
Applied set_property CLOCK_BUFFER_TYPE = NONE for hdmi_tmds_clk_n. (constraint file  c:/aherce2/ECE-385---Final-Project/tanks/tanks.gen/sources_1/ip/hdmi_tx_0/hdmi_tx_0/hdmi_tx_0_in_context.xdc, line 2).
Applied set_property IO_BUFFER_TYPE = NONE for hdmi_tmds_clk_p. (constraint file  c:/aherce2/ECE-385---Final-Project/tanks/tanks.gen/sources_1/ip/hdmi_tx_0/hdmi_tx_0/hdmi_tx_0_in_context.xdc, line 3).
Applied set_property CLOCK_BUFFER_TYPE = NONE for hdmi_tmds_clk_p. (constraint file  c:/aherce2/ECE-385---Final-Project/tanks/tanks.gen/sources_1/ip/hdmi_tx_0/hdmi_tx_0/hdmi_tx_0_in_context.xdc, line 4).
Applied set_property IO_BUFFER_TYPE = NONE for hdmi_tmds_data_n[0]. (constraint file  c:/aherce2/ECE-385---Final-Project/tanks/tanks.gen/sources_1/ip/hdmi_tx_0/hdmi_tx_0/hdmi_tx_0_in_context.xdc, line 5).
Applied set_property CLOCK_BUFFER_TYPE = NONE for hdmi_tmds_data_n[0]. (constraint file  c:/aherce2/ECE-385---Final-Project/tanks/tanks.gen/sources_1/ip/hdmi_tx_0/hdmi_tx_0/hdmi_tx_0_in_context.xdc, line 6).
Applied set_property IO_BUFFER_TYPE = NONE for hdmi_tmds_data_n[1]. (constraint file  c:/aherce2/ECE-385---Final-Project/tanks/tanks.gen/sources_1/ip/hdmi_tx_0/hdmi_tx_0/hdmi_tx_0_in_context.xdc, line 7).
Applied set_property CLOCK_BUFFER_TYPE = NONE for hdmi_tmds_data_n[1]. (constraint file  c:/aherce2/ECE-385---Final-Project/tanks/tanks.gen/sources_1/ip/hdmi_tx_0/hdmi_tx_0/hdmi_tx_0_in_context.xdc, line 8).
Applied set_property IO_BUFFER_TYPE = NONE for hdmi_tmds_data_n[2]. (constraint file  c:/aherce2/ECE-385---Final-Project/tanks/tanks.gen/sources_1/ip/hdmi_tx_0/hdmi_tx_0/hdmi_tx_0_in_context.xdc, line 9).
Applied set_property CLOCK_BUFFER_TYPE = NONE for hdmi_tmds_data_n[2]. (constraint file  c:/aherce2/ECE-385---Final-Project/tanks/tanks.gen/sources_1/ip/hdmi_tx_0/hdmi_tx_0/hdmi_tx_0_in_context.xdc, line 10).
Applied set_property IO_BUFFER_TYPE = NONE for hdmi_tmds_data_p[0]. (constraint file  c:/aherce2/ECE-385---Final-Project/tanks/tanks.gen/sources_1/ip/hdmi_tx_0/hdmi_tx_0/hdmi_tx_0_in_context.xdc, line 11).
Applied set_property CLOCK_BUFFER_TYPE = NONE for hdmi_tmds_data_p[0]. (constraint file  c:/aherce2/ECE-385---Final-Project/tanks/tanks.gen/sources_1/ip/hdmi_tx_0/hdmi_tx_0/hdmi_tx_0_in_context.xdc, line 12).
Applied set_property IO_BUFFER_TYPE = NONE for hdmi_tmds_data_p[1]. (constraint file  c:/aherce2/ECE-385---Final-Project/tanks/tanks.gen/sources_1/ip/hdmi_tx_0/hdmi_tx_0/hdmi_tx_0_in_context.xdc, line 13).
Applied set_property CLOCK_BUFFER_TYPE = NONE for hdmi_tmds_data_p[1]. (constraint file  c:/aherce2/ECE-385---Final-Project/tanks/tanks.gen/sources_1/ip/hdmi_tx_0/hdmi_tx_0/hdmi_tx_0_in_context.xdc, line 14).
Applied set_property IO_BUFFER_TYPE = NONE for hdmi_tmds_data_p[2]. (constraint file  c:/aherce2/ECE-385---Final-Project/tanks/tanks.gen/sources_1/ip/hdmi_tx_0/hdmi_tx_0/hdmi_tx_0_in_context.xdc, line 15).
Applied set_property CLOCK_BUFFER_TYPE = NONE for hdmi_tmds_data_p[2]. (constraint file  c:/aherce2/ECE-385---Final-Project/tanks/tanks.gen/sources_1/ip/hdmi_tx_0/hdmi_tx_0/hdmi_tx_0_in_context.xdc, line 16).
Applied set_property KEEP_HIERARCHY = SOFT for mb_block_i. (constraint file  auto generated constraint).
Applied set_property KEEP_HIERARCHY = SOFT for mb_block_i/microblaze_0. (constraint file  auto generated constraint).
Applied set_property KEEP_HIERARCHY = SOFT for mb_block_i/microblaze_0_local_memory/dlmb_v10. (constraint file  auto generated constraint).
Applied set_property KEEP_HIERARCHY = SOFT for mb_block_i/microblaze_0_local_memory/ilmb_v10. (constraint file  auto generated constraint).
Applied set_property KEEP_HIERARCHY = SOFT for mb_block_i/microblaze_0_local_memory/dlmb_bram_if_cntlr. (constraint file  auto generated constraint).
Applied set_property KEEP_HIERARCHY = SOFT for mb_block_i/microblaze_0_local_memory/ilmb_bram_if_cntlr. (constraint file  auto generated constraint).
Applied set_property KEEP_HIERARCHY = SOFT for mb_block_i/microblaze_0_local_memory/lmb_bram. (constraint file  auto generated constraint).
Applied set_property KEEP_HIERARCHY = SOFT for mb_block_i/microblaze_0_axi_periph/xbar. (constraint file  auto generated constraint).
Applied set_property KEEP_HIERARCHY = SOFT for mb_block_i/microblaze_0_axi_periph. (constraint file  auto generated constraint).
Applied set_property KEEP_HIERARCHY = SOFT for mb_block_i/microblaze_0_axi_intc. (constraint file  auto generated constraint).
Applied set_property KEEP_HIERARCHY = SOFT for mb_block_i/mdm_1. (constraint file  auto generated constraint).
Applied set_property KEEP_HIERARCHY = SOFT for mb_block_i/clk_wiz_1. (constraint file  auto generated constraint).
Applied set_property KEEP_HIERARCHY = SOFT for mb_block_i/rst_clk_wiz_1_100M. (constraint file  auto generated constraint).
Applied set_property KEEP_HIERARCHY = SOFT for mb_block_i/axi_uartlite_0. (constraint file  auto generated constraint).
Applied set_property KEEP_HIERARCHY = SOFT for mb_block_i/gpio_usb_rst. (constraint file  auto generated constraint).
Applied set_property KEEP_HIERARCHY = SOFT for mb_block_i/gpio_usb_int. (constraint file  auto generated constraint).
Applied set_property KEEP_HIERARCHY = SOFT for mb_block_i/gpio_usb_keycode. (constraint file  auto generated constraint).
Applied set_property KEEP_HIERARCHY = SOFT for mb_block_i/timer_usb_axi. (constraint file  auto generated constraint).
Applied set_property KEEP_HIERARCHY = SOFT for mb_block_i/spi_usb. (constraint file  auto generated constraint).
Applied set_property KEEP_HIERARCHY = SOFT for mb_block_i/microblaze_0_xlconcat. (constraint file  auto generated constraint).
Applied set_property KEEP_HIERARCHY = SOFT for clk_wiz. (constraint file  auto generated constraint).
Applied set_property KEEP_HIERARCHY = SOFT for vga_to_hdmi. (constraint file  auto generated constraint).
Applied set_property KEEP_HIERARCHY = SOFT for color_instance/background_rom. (constraint file  auto generated constraint).
Applied set_property KEEP_HIERARCHY = SOFT for color_instance/tank2_rom. (constraint file  auto generated constraint).
Applied set_property KEEP_HIERARCHY = SOFT for color_instance/tank_rom. (constraint file  auto generated constraint).
Applied set_property KEEP_HIERARCHY = SOFT for color_instance/tank1_life. (constraint file  auto generated constraint).
Applied set_property KEEP_HIERARCHY = SOFT for color_instance/tank2_life. (constraint file  auto generated constraint).
---------------------------------------------------------------------------------
Finished applying 'set_property' XDC Constraints : Time (s): cpu = 00:00:10 ; elapsed = 00:00:14 . Memory (MB): peak = 1449.027 ; gain = 639.336
---------------------------------------------------------------------------------
WARNING: [Synth 8-327] inferring latch for variable 'tank2_life_display_reg' [C:/aherce2/ECE-385---Final-Project/tanks/tanks.srcs/sources_1/imports/design_source/Color_Mapper.sv:109]
WARNING: [Synth 8-327] inferring latch for variable 'tank1_life_display_reg' [C:/aherce2/ECE-385---Final-Project/tanks/tanks.srcs/sources_1/imports/design_source/Color_Mapper.sv:103]
WARNING: [Synth 8-327] inferring latch for variable 'draw_missile_2_reg' [C:/aherce2/ECE-385---Final-Project/tanks/tanks.srcs/sources_1/imports/design_source/Color_Mapper.sv:81]
WARNING: [Synth 8-327] inferring latch for variable 'draw_missile_1_reg' [C:/aherce2/ECE-385---Final-Project/tanks/tanks.srcs/sources_1/imports/design_source/Color_Mapper.sv:80]
WARNING: [Synth 8-327] inferring latch for variable 'tank_2_on_reg' [C:/aherce2/ECE-385---Final-Project/tanks/tanks.srcs/sources_1/imports/design_source/Color_Mapper.sv:79]
WARNING: [Synth 8-327] inferring latch for variable 'tank_1_on_reg' [C:/aherce2/ECE-385---Final-Project/tanks/tanks.srcs/sources_1/imports/design_source/Color_Mapper.sv:78]
WARNING: [Synth 8-327] inferring latch for variable 'tank1_rom_address_reg' [C:/aherce2/ECE-385---Final-Project/tanks/tanks.srcs/sources_1/imports/design_source/Color_Mapper.sv:77]
WARNING: [Synth 8-327] inferring latch for variable 'tank2_rom_address_reg' [C:/aherce2/ECE-385---Final-Project/tanks/tanks.srcs/sources_1/imports/design_source/Color_Mapper.sv:85]
WARNING: [Synth 8-327] inferring latch for variable 'tank1_life_rom_address_reg' [C:/aherce2/ECE-385---Final-Project/tanks/tanks.srcs/sources_1/imports/design_source/Color_Mapper.sv:102]
WARNING: [Synth 8-327] inferring latch for variable 'tank2_life_rom_address_reg' [C:/aherce2/ECE-385---Final-Project/tanks/tanks.srcs/sources_1/imports/design_source/Color_Mapper.sv:108]
---------------------------------------------------------------------------------
Finished RTL Optimization Phase 2 : Time (s): cpu = 00:00:11 ; elapsed = 00:00:14 . Memory (MB): peak = 1449.027 ; gain = 639.336
---------------------------------------------------------------------------------
---------------------------------------------------------------------------------
Start RTL Component Statistics 
---------------------------------------------------------------------------------
Detailed RTL Component Info : 
+---Adders : 
	   3 Input   32 Bit       Adders := 4     
	   2 Input   32 Bit       Adders := 2     
	   3 Input   13 Bit       Adders := 2     
	   3 Input   12 Bit       Adders := 1     
	   4 Input   12 Bit       Adders := 1     
	   2 Input   11 Bit       Adders := 10    
	   3 Input   11 Bit       Adders := 4     
	   2 Input   10 Bit       Adders := 18    
+---Registers : 
	               13 Bit    Registers := 2     
	               10 Bit    Registers := 18    
	                3 Bit    Registers := 1     
	                1 Bit    Registers := 5     
+---Multipliers : 
	              32x32  Multipliers := 4     
+---Muxes : 
	   9 Input   13 Bit        Muxes := 1     
	   5 Input   13 Bit        Muxes := 1     
	   2 Input   13 Bit        Muxes := 2     
	   4 Input   12 Bit        Muxes := 2     
	   2 Input   12 Bit        Muxes := 2     
	   2 Input   10 Bit        Muxes := 22    
	  10 Input   10 Bit        Muxes := 4     
	   5 Input   10 Bit        Muxes := 1     
	   3 Input   10 Bit        Muxes := 4     
	  11 Input   10 Bit        Muxes := 2     
	   6 Input   10 Bit        Muxes := 1     
	   4 Input    8 Bit        Muxes := 2     
	   2 Input    8 Bit        Muxes := 2     
	   5 Input    4 Bit        Muxes := 2     
	   3 Input    2 Bit        Muxes := 2     
	   5 Input    2 Bit        Muxes := 2     
	   2 Input    2 Bit        Muxes := 1     
	   2 Input    1 Bit        Muxes := 25    
	  10 Input    1 Bit        Muxes := 1     
	   9 Input    1 Bit        Muxes := 1     
	   5 Input    1 Bit        Muxes := 2     
	  11 Input    1 Bit        Muxes := 3     
	  13 Input    1 Bit        Muxes := 2     
	  12 Input    1 Bit        Muxes := 3     
---------------------------------------------------------------------------------
Finished RTL Component Statistics 
---------------------------------------------------------------------------------
---------------------------------------------------------------------------------
Start Part Resource Summary
---------------------------------------------------------------------------------
Part Resources:
DSPs: 120 (col length:60)
BRAMs: 150 (col length: RAMB18 60 RAMB36 30)
---------------------------------------------------------------------------------
Finished Part Resource Summary
---------------------------------------------------------------------------------
---------------------------------------------------------------------------------
Start Cross Boundary and Area Optimization
---------------------------------------------------------------------------------
WARNING: [Synth 8-7080] Parallel synthesis criteria is not met
DSP Report: Generating DSP tank1_rom_address4, operation Mode is: A*B.
DSP Report: operator tank1_rom_address4 is absorbed into DSP tank1_rom_address4.
DSP Report: operator tank1_rom_address4 is absorbed into DSP tank1_rom_address4.
DSP Report: Generating DSP tank1_rom_address4, operation Mode is: (PCIN>>17)+A*B.
DSP Report: operator tank1_rom_address4 is absorbed into DSP tank1_rom_address4.
DSP Report: operator tank1_rom_address4 is absorbed into DSP tank1_rom_address4.
DSP Report: Generating DSP tank1_rom_address4, operation Mode is: A*B.
DSP Report: operator tank1_rom_address4 is absorbed into DSP tank1_rom_address4.
DSP Report: operator tank1_rom_address4 is absorbed into DSP tank1_rom_address4.
DSP Report: Generating DSP tank1_rom_address4, operation Mode is: (PCIN>>17)+A*B.
DSP Report: operator tank1_rom_address4 is absorbed into DSP tank1_rom_address4.
DSP Report: operator tank1_rom_address4 is absorbed into DSP tank1_rom_address4.
DSP Report: Generating DSP tank1_rom_address4, operation Mode is: A*B.
DSP Report: operator tank1_rom_address4 is absorbed into DSP tank1_rom_address4.
DSP Report: operator tank1_rom_address4 is absorbed into DSP tank1_rom_address4.
DSP Report: Generating DSP tank1_rom_address4, operation Mode is: (PCIN>>17)+A*B.
DSP Report: operator tank1_rom_address4 is absorbed into DSP tank1_rom_address4.
DSP Report: operator tank1_rom_address4 is absorbed into DSP tank1_rom_address4.
DSP Report: Generating DSP tank1_rom_address4, operation Mode is: A*B.
DSP Report: operator tank1_rom_address4 is absorbed into DSP tank1_rom_address4.
DSP Report: operator tank1_rom_address4 is absorbed into DSP tank1_rom_address4.
DSP Report: Generating DSP tank1_rom_address4, operation Mode is: (PCIN>>17)+A*B.
DSP Report: operator tank1_rom_address4 is absorbed into DSP tank1_rom_address4.
DSP Report: operator tank1_rom_address4 is absorbed into DSP tank1_rom_address4.
DSP Report: Generating DSP tank1_rom_address4, operation Mode is: A*B.
DSP Report: operator tank1_rom_address4 is absorbed into DSP tank1_rom_address4.
DSP Report: operator tank1_rom_address4 is absorbed into DSP tank1_rom_address4.
DSP Report: Generating DSP tank1_rom_address4, operation Mode is: (PCIN>>17)+A*B.
DSP Report: operator tank1_rom_address4 is absorbed into DSP tank1_rom_address4.
DSP Report: operator tank1_rom_address4 is absorbed into DSP tank1_rom_address4.
DSP Report: Generating DSP tank1_rom_address4, operation Mode is: A*B.
DSP Report: operator tank1_rom_address4 is absorbed into DSP tank1_rom_address4.
DSP Report: operator tank1_rom_address4 is absorbed into DSP tank1_rom_address4.
DSP Report: Generating DSP tank1_rom_address4, operation Mode is: (PCIN>>17)+A*B.
DSP Report: operator tank1_rom_address4 is absorbed into DSP tank1_rom_address4.
DSP Report: operator tank1_rom_address4 is absorbed into DSP tank1_rom_address4.
DSP Report: Generating DSP tank1_rom_address4, operation Mode is: A*B.
DSP Report: operator tank1_rom_address4 is absorbed into DSP tank1_rom_address4.
DSP Report: operator tank1_rom_address4 is absorbed into DSP tank1_rom_address4.
DSP Report: Generating DSP tank1_rom_address4, operation Mode is: (PCIN>>17)+A*B.
DSP Report: operator tank1_rom_address4 is absorbed into DSP tank1_rom_address4.
DSP Report: operator tank1_rom_address4 is absorbed into DSP tank1_rom_address4.
DSP Report: Generating DSP tank1_rom_address4, operation Mode is: A*B.
DSP Report: operator tank1_rom_address4 is absorbed into DSP tank1_rom_address4.
DSP Report: operator tank1_rom_address4 is absorbed into DSP tank1_rom_address4.
DSP Report: Generating DSP tank1_rom_address4, operation Mode is: (PCIN>>17)+A*B.
DSP Report: operator tank1_rom_address4 is absorbed into DSP tank1_rom_address4.
DSP Report: operator tank1_rom_address4 is absorbed into DSP tank1_rom_address4.
DSP Report: Generating DSP rom_address1, operation Mode is: A*(B:0x280).
DSP Report: operator rom_address1 is absorbed into DSP rom_address1.
DSP Report: Generating DSP rom_address2, operation Mode is: A*(B:0x1e0).
DSP Report: operator rom_address2 is absorbed into DSP rom_address2.
DSP Report: Generating DSP rom_address, operation Mode is: C+A*(B:0x280).
DSP Report: operator rom_address is absorbed into DSP rom_address.
DSP Report: operator rom_address0 is absorbed into DSP rom_address.
DSP Report: Generating DSP tank1_rom_address2, operation Mode is: A*(B:0x28).
DSP Report: operator tank1_rom_address2 is absorbed into DSP tank1_rom_address2.
DSP Report: Generating DSP tank1_rom_address0, operation Mode is: PCIN+(A:0x0):B+C.
DSP Report: operator tank1_rom_address0 is absorbed into DSP tank1_rom_address0.
DSP Report: Generating DSP tank2_rom_address2, operation Mode is: A*(B:0x28).
DSP Report: operator tank2_rom_address2 is absorbed into DSP tank2_rom_address2.
DSP Report: Generating DSP tank2_rom_address0, operation Mode is: PCIN+(A:0x0):B+(C:0xffffffffffff).
DSP Report: operator tank2_rom_address0 is absorbed into DSP tank2_rom_address0.
DSP Report: Generating DSP tank1_life_rom_address2, operation Mode is: (D+(A:0x3ffffe34))*(B:0x3c).
DSP Report: operator tank1_life_rom_address2 is absorbed into DSP tank1_life_rom_address2.
DSP Report: operator tank1_life_rom_address3 is absorbed into DSP tank1_life_rom_address2.
---------------------------------------------------------------------------------
Finished Cross Boundary and Area Optimization : Time (s): cpu = 00:00:17 ; elapsed = 00:00:22 . Memory (MB): peak = 1449.027 ; gain = 639.336
---------------------------------------------------------------------------------
---------------------------------------------------------------------------------
Start ROM, RAM, DSP, Shift Register and Retiming Reporting
---------------------------------------------------------------------------------

DSP: Preliminary Mapping Report (see note below. The ' indicates corresponding REG is set)
+-------------+-----------------------------------+--------+--------+--------+--------+--------+------+------+------+------+-------+------+------+
|Module Name  | DSP Mapping                       | A Size | B Size | C Size | D Size | P Size | AREG | BREG | CREG | DREG | ADREG | MREG | PREG | 
+-------------+-----------------------------------+--------+--------+--------+--------+--------+------+------+------+------+-------+------+------+
|color_mapper | A*B                               | 18     | 16     | -      | -      | 48     | 0    | 0    | -    | -    | -     | 0    | 0    | 
|color_mapper | (PCIN>>17)+A*B                    | 16     | 16     | -      | -      | 48     | 0    | 0    | -    | -    | -     | 0    | 0    | 
|color_mapper | A*B                               | 18     | 18     | -      | -      | 48     | 0    | 0    | -    | -    | -     | 0    | 0    | 
|color_mapper | (PCIN>>17)+A*B                    | 18     | 16     | -      | -      | 48     | 0    | 0    | -    | -    | -     | 0    | 0    | 
|color_mapper | A*B                               | 18     | 16     | -      | -      | 48     | 0    | 0    | -    | -    | -     | 0    | 0    | 
|color_mapper | (PCIN>>17)+A*B                    | 16     | 16     | -      | -      | 48     | 0    | 0    | -    | -    | -     | 0    | 0    | 
|color_mapper | A*B                               | 18     | 18     | -      | -      | 48     | 0    | 0    | -    | -    | -     | 0    | 0    | 
|color_mapper | (PCIN>>17)+A*B                    | 18     | 16     | -      | -      | 48     | 0    | 0    | -    | -    | -     | 0    | 0    | 
|color_mapper | A*B                               | 18     | 16     | -      | -      | 48     | 0    | 0    | -    | -    | -     | 0    | 0    | 
|color_mapper | (PCIN>>17)+A*B                    | 16     | 16     | -      | -      | 48     | 0    | 0    | -    | -    | -     | 0    | 0    | 
|color_mapper | A*B                               | 18     | 18     | -      | -      | 48     | 0    | 0    | -    | -    | -     | 0    | 0    | 
|color_mapper | (PCIN>>17)+A*B                    | 18     | 16     | -      | -      | 48     | 0    | 0    | -    | -    | -     | 0    | 0    | 
|color_mapper | A*B                               | 18     | 16     | -      | -      | 48     | 0    | 0    | -    | -    | -     | 0    | 0    | 
|color_mapper | (PCIN>>17)+A*B                    | 16     | 16     | -      | -      | 48     | 0    | 0    | -    | -    | -     | 0    | 0    | 
|color_mapper | A*B                               | 18     | 18     | -      | -      | 48     | 0    | 0    | -    | -    | -     | 0    | 0    | 
|color_mapper | (PCIN>>17)+A*B                    | 18     | 16     | -      | -      | 48     | 0    | 0    | -    | -    | -     | 0    | 0    | 
|color_mapper | A*(B:0x280)                       | 10     | 10     | -      | -      | 20     | 0    | 0    | -    | -    | -     | 0    | 0    | 
|color_mapper | A*(B:0x1e0)                       | 10     | 9      | -      | -      | 19     | 0    | 0    | -    | -    | -     | 0    | 0    | 
|color_mapper | C+A*(B:0x280)                     | 11     | 10     | 11     | -      | 19     | 0    | 0    | 0    | -    | -     | 0    | 0    | 
|color_mapper | A*(B:0x28)                        | 13     | 6      | -      | -      | 19     | 0    | 0    | -    | -    | -     | 0    | 0    | 
|color_mapper | PCIN+(A:0x0):B+C                  | 30     | 13     | 10     | -      | -1     | 0    | 0    | 0    | -    | -     | 0    | 0    | 
|color_mapper | A*(B:0x28)                        | 13     | 6      | -      | -      | 19     | 0    | 0    | -    | -    | -     | 0    | 0    | 
|color_mapper | PCIN+(A:0x0):B+(C:0xffffffffffff) | 30     | 10     | 1      | -      | -1     | 0    | 0    | 0    | -    | -     | 0    | 0    | 
|color_mapper | (D+(A:0x3ffffe34))*(B:0x3c)       | 12     | 6      | -      | 10     | 18     | 0    | 0    | -    | 0    | 0     | 0    | 0    | 
+-------------+-----------------------------------+--------+--------+--------+--------+--------+------+------+------+------+-------+------+------+

Note: The table above is a preliminary report that shows the DSPs inferred at the current stage of the synthesis flow. Some DSP may be reimplemented as non DSP primitives later in the synthesis flow. Multiple instantiated DSPs are reported only once.
---------------------------------------------------------------------------------
Finished ROM, RAM, DSP, Shift Register and Retiming Reporting
---------------------------------------------------------------------------------
---------------------------------------------------------------------------------
Start Applying XDC Timing Constraints
---------------------------------------------------------------------------------
WARNING: [Synth 8-565] redefining clock 'Clk'
---------------------------------------------------------------------------------
Finished Applying XDC Timing Constraints : Time (s): cpu = 00:00:23 ; elapsed = 00:00:29 . Memory (MB): peak = 1449.027 ; gain = 639.336
---------------------------------------------------------------------------------
---------------------------------------------------------------------------------
Start Timing Optimization
---------------------------------------------------------------------------------
---------------------------------------------------------------------------------
Finished Timing Optimization : Time (s): cpu = 00:00:27 ; elapsed = 00:00:33 . Memory (MB): peak = 1480.879 ; gain = 671.188
---------------------------------------------------------------------------------
---------------------------------------------------------------------------------
Start Technology Mapping
---------------------------------------------------------------------------------
---------------------------------------------------------------------------------
Finished Technology Mapping : Time (s): cpu = 00:00:27 ; elapsed = 00:00:34 . Memory (MB): peak = 1481.949 ; gain = 672.258
---------------------------------------------------------------------------------
---------------------------------------------------------------------------------
Start IO Insertion
---------------------------------------------------------------------------------
---------------------------------------------------------------------------------
Start Flattening Before IO Insertion
---------------------------------------------------------------------------------
---------------------------------------------------------------------------------
Finished Flattening Before IO Insertion
---------------------------------------------------------------------------------
---------------------------------------------------------------------------------
Start Final Netlist Cleanup
---------------------------------------------------------------------------------
---------------------------------------------------------------------------------
Finished Final Netlist Cleanup
---------------------------------------------------------------------------------
CRITICAL WARNING: [Synth 8-4442] BlackBox module \color_instance/background_rom  has unconnected pin wea[0]
CRITICAL WARNING: [Synth 8-4442] BlackBox module \color_instance/background_rom  has unconnected pin dina[0]
---------------------------------------------------------------------------------
Finished IO Insertion : Time (s): cpu = 00:00:31 ; elapsed = 00:00:38 . Memory (MB): peak = 1485.734 ; gain = 676.043
---------------------------------------------------------------------------------
---------------------------------------------------------------------------------
Start Renaming Generated Instances
---------------------------------------------------------------------------------
---------------------------------------------------------------------------------
Finished Renaming Generated Instances : Time (s): cpu = 00:00:31 ; elapsed = 00:00:38 . Memory (MB): peak = 1485.734 ; gain = 676.043
---------------------------------------------------------------------------------
---------------------------------------------------------------------------------
Start Rebuilding User Hierarchy
---------------------------------------------------------------------------------
---------------------------------------------------------------------------------
Finished Rebuilding User Hierarchy : Time (s): cpu = 00:00:31 ; elapsed = 00:00:38 . Memory (MB): peak = 1485.734 ; gain = 676.043
---------------------------------------------------------------------------------
---------------------------------------------------------------------------------
Start Renaming Generated Ports
---------------------------------------------------------------------------------
---------------------------------------------------------------------------------
Finished Renaming Generated Ports : Time (s): cpu = 00:00:31 ; elapsed = 00:00:38 . Memory (MB): peak = 1485.734 ; gain = 676.043
---------------------------------------------------------------------------------
---------------------------------------------------------------------------------
Start Handling Custom Attributes
---------------------------------------------------------------------------------
---------------------------------------------------------------------------------
Finished Handling Custom Attributes : Time (s): cpu = 00:00:31 ; elapsed = 00:00:38 . Memory (MB): peak = 1485.734 ; gain = 676.043
---------------------------------------------------------------------------------
---------------------------------------------------------------------------------
Start Renaming Generated Nets
---------------------------------------------------------------------------------
---------------------------------------------------------------------------------
Finished Renaming Generated Nets : Time (s): cpu = 00:00:31 ; elapsed = 00:00:38 . Memory (MB): peak = 1485.734 ; gain = 676.043
---------------------------------------------------------------------------------
---------------------------------------------------------------------------------
Start Writing Synthesis Report
---------------------------------------------------------------------------------

DSP Final Report (the ' indicates corresponding REG is set)
+-------------+--------------+--------+--------+--------+--------+--------+------+------+------+------+-------+------+------+
|Module Name  | DSP Mapping  | A Size | B Size | C Size | D Size | P Size | AREG | BREG | CREG | DREG | ADREG | MREG | PREG | 
+-------------+--------------+--------+--------+--------+--------+--------+------+------+------+------+-------+------+------+
|color_mapper | A*B          | 17     | 15     | -      | -      | 48     | 0    | 0    | -    | -    | -     | 0    | 0    | 
|color_mapper | A*B          | 17     | 17     | -      | -      | 48     | 0    | 0    | -    | -    | -     | 0    | 0    | 
|color_mapper | PCIN>>17+A*B | 17     | 15     | -      | -      | 48     | 0    | 0    | -    | -    | -     | 0    | 0    | 
|color_mapper | A*B          | 17     | 15     | -      | -      | 48     | 0    | 0    | -    | -    | -     | 0    | 0    | 
|color_mapper | A*B          | 17     | 17     | -      | -      | 48     | 0    | 0    | -    | -    | -     | 0    | 0    | 
|color_mapper | PCIN>>17+A*B | 17     | 15     | -      | -      | 48     | 0    | 0    | -    | -    | -     | 0    | 0    | 
|color_mapper | A*B          | 17     | 15     | -      | -      | 48     | 0    | 0    | -    | -    | -     | 0    | 0    | 
|color_mapper | A*B          | 17     | 17     | -      | -      | 48     | 0    | 0    | -    | -    | -     | 0    | 0    | 
|color_mapper | PCIN>>17+A*B | 17     | 15     | -      | -      | 48     | 0    | 0    | -    | -    | -     | 0    | 0    | 
|color_mapper | A*B          | 17     | 15     | -      | -      | 48     | 0    | 0    | -    | -    | -     | 0    | 0    | 
|color_mapper | A*B          | 17     | 17     | -      | -      | 48     | 0    | 0    | -    | -    | -     | 0    | 0    | 
|color_mapper | PCIN>>17+A*B | 17     | 15     | -      | -      | 48     | 0    | 0    | -    | -    | -     | 0    | 0    | 
|color_mapper | A*B          | 10     | 10     | -      | -      | 20     | 0    | 0    | -    | -    | -     | 0    | 0    | 
|color_mapper | A*B          | 10     | 9      | -      | -      | 19     | 0    | 0    | -    | -    | -     | 0    | 0    | 
|color_mapper | C+A*B        | 11     | 10     | 11     | -      | 19     | 0    | 0    | 0    | -    | -     | 0    | 0    | 
|color_mapper | A*B          | 13     | 6      | -      | -      | 19     | 0    | 0    | -    | -    | -     | 0    | 0    | 
|color_mapper | PCIN+A:B+C   | 0      | 13     | -      | -      | 13     | 0    | 0    | -    | -    | -     | 0    | 0    | 
|color_mapper | A*B          | 13     | 6      | -      | -      | 19     | 0    | 0    | -    | -    | -     | 0    | 0    | 
|color_mapper | PCIN+A:B+C   | 0      | 10     | -      | -      | 13     | 0    | 0    | -    | -    | -     | 0    | 0    | 
|color_mapper | D+A*B        | 30     | 6      | -      | 10     | 18     | 0    | 0    | -    | 0    | 0     | 0    | 0    | 
+-------------+--------------+--------+--------+--------+--------+--------+------+------+------+------+-------+------+------+


Report BlackBoxes: 
+------+-------------------------------+----------+
|      |BlackBox name                  |Instances |
+------+-------------------------------+----------+
|1     |mb_usb_xbar_0                  |         1|
|2     |mb_usb_axi_uartlite_0_0        |         1|
|3     |mb_usb_clk_wiz_1_0             |         1|
|4     |mb_usb_axi_gpio_1_0            |         1|
|5     |mb_usb_axi_gpio_2_0            |         1|
|6     |mb_usb_axi_gpio_0_1            |         1|
|7     |mb_usb_mdm_1_0                 |         1|
|8     |mb_usb_microblaze_0_0          |         1|
|9     |mb_usb_microblaze_0_axi_intc_0 |         1|
|10    |mb_usb_rst_clk_wiz_1_100M_0    |         1|
|11    |mb_usb_axi_quad_spi_0_0        |         1|
|12    |mb_usb_axi_timer_0_0           |         1|
|13    |mb_usb_dlmb_bram_if_cntlr_0    |         1|
|14    |mb_usb_dlmb_v10_0              |         1|
|15    |mb_usb_ilmb_bram_if_cntlr_0    |         1|
|16    |mb_usb_ilmb_v10_0              |         1|
|17    |mb_usb_lmb_bram_0              |         1|
|18    |clk_wiz_0                      |         1|
|19    |hdmi_tx_0                      |         1|
|20    |tank_rom                       |         2|
|21    |background_rom                 |         1|
|22    |tank1_life                     |         1|
|23    |tank2_life_rom                 |         1|
+------+-------------------------------+----------+

Report Cell Usage: 
+------+-----------------------------+------+
|      |Cell                         |Count |
+------+-----------------------------+------+
|1     |background_rom               |     1|
|2     |clk_wiz                      |     1|
|3     |hdmi_tx                      |     1|
|4     |mb_usb_axi_gpio_0            |     1|
|5     |mb_usb_axi_gpio_1            |     1|
|6     |mb_usb_axi_gpio_2            |     1|
|7     |mb_usb_axi_quad_spi_0        |     1|
|8     |mb_usb_axi_timer_0           |     1|
|9     |mb_usb_axi_uartlite_0        |     1|
|10    |mb_usb_clk_wiz_1             |     1|
|11    |mb_usb_dlmb_bram_if_cntlr    |     1|
|12    |mb_usb_dlmb_v10              |     1|
|13    |mb_usb_ilmb_bram_if_cntlr    |     1|
|14    |mb_usb_ilmb_v10              |     1|
|15    |mb_usb_lmb_bram              |     1|
|16    |mb_usb_mdm_1                 |     1|
|17    |mb_usb_microblaze_0          |     1|
|18    |mb_usb_microblaze_0_axi_intc |     1|
|19    |mb_usb_rst_clk_wiz_1_100M    |     1|
|20    |mb_usb_xbar                  |     1|
|21    |tank1_life                   |     1|
|22    |tank2_life_rom               |     1|
|23    |tank_rom                     |     2|
|25    |BUFG                         |     1|
|26    |CARRY4                       |   177|
|27    |DSP48E1                      |    20|
|31    |LUT1                         |    21|
|32    |LUT2                         |   420|
|33    |LUT3                         |   160|
|34    |LUT4                         |   260|
|35    |LUT5                         |   183|
|36    |LUT6                         |   241|
|37    |FDCE                         |   127|
|38    |FDPE                         |    26|
|39    |FDRE                         |    36|
|40    |LD                           |    52|
|41    |LDC                          |     1|
|42    |LDCP                         |     3|
|43    |IBUF                         |     4|
|44    |OBUF                         |    29|
+------+-----------------------------+------+
---------------------------------------------------------------------------------
Finished Writing Synthesis Report : Time (s): cpu = 00:00:31 ; elapsed = 00:00:38 . Memory (MB): peak = 1485.734 ; gain = 676.043
---------------------------------------------------------------------------------
Synthesis finished with 0 errors, 2 critical warnings and 56 warnings.
Synthesis Optimization Runtime : Time (s): cpu = 00:00:25 ; elapsed = 00:00:36 . Memory (MB): peak = 1485.734 ; gain = 563.797
Synthesis Optimization Complete : Time (s): cpu = 00:00:31 ; elapsed = 00:00:38 . Memory (MB): peak = 1485.734 ; gain = 676.043
INFO: [Project 1-571] Translating synthesized netlist
Netlist sorting complete. Time (s): cpu = 00:00:00 ; elapsed = 00:00:00.042 . Memory (MB): peak = 1497.754 ; gain = 0.000
INFO: [Netlist 29-17] Analyzing 253 Unisim elements for replacement
INFO: [Netlist 29-28] Unisim Transformation completed in 0 CPU seconds
INFO: [Project 1-570] Preparing netlist for logic optimization
INFO: [Opt 31-140] Inserted 1 IBUFs to IO ports without IO buffers.
INFO: [Opt 31-138] Pushed 0 inverter(s) to 0 load pin(s).
Netlist sorting complete. Time (s): cpu = 00:00:00 ; elapsed = 00:00:00.001 . Memory (MB): peak = 1501.434 ; gain = 0.000
INFO: [Project 1-111] Unisim Transformation Summary:
  A total of 56 instances were transformed.
  LD => LDCE: 52 instances
  LDC => LDCE: 1 instance 
  LDCP => LDCP (GND, LDCE, LUT3(x2), VCC): 3 instances

Synth Design complete, checksum: 68295483
INFO: [Common 17-83] Releasing license: Synthesis
129 Infos, 160 Warnings, 4 Critical Warnings and 0 Errors encountered.
synth_design completed successfully
synth_design: Time (s): cpu = 00:00:34 ; elapsed = 00:00:44 . Memory (MB): peak = 1501.434 ; gain = 1067.828
INFO: [runtcl-6] Synthesis results are not added to the cache due to CRITICAL_WARNING
INFO: [Common 17-1381] The checkpoint 'C:/aherce2/ECE-385---Final-Project/tanks/tanks.runs/synth_1/tanks_top_level.dcp' has been generated.
INFO: [runtcl-4] Executing : report_utilization -file tanks_top_level_utilization_synth.rpt -pb tanks_top_level_utilization_synth.pb
INFO: [Common 17-206] Exiting Vivado at Fri Dec  8 09:46:05 2023...
